{"contracts/access/AccessControl.sol":{"l":{"70":0,"71":0,"78":0,"85":0,"96":0,"97":0,"117":0,"131":0,"144":0,"162":0,"164":0,"186":0,"195":0,"196":0,"197":0,"206":0,"207":0,"208":0,"218":0,"219":0,"220":0},"path":"/mnt/e/git/startup/fizzymagic/contracts/access/AccessControl.sol","s":{"1":0,"2":0,"3":0,"4":0,"5":0,"6":0,"7":0,"8":0,"9":0,"10":0,"11":0,"12":0,"13":0,"14":0,"15":0,"16":0,"17":0,"18":0,"19":0,"20":0},"b":{"1":[0,0],"2":[0,0],"3":[0,0],"4":[0,0]},"f":{"1":0,"2":0,"3":0,"4":0,"5":0,"6":0,"7":0,"8":0,"9":0,"10":0,"11":0,"12":0},"fnMap":{"1":{"name":"onlyRole","line":69,"loc":{"start":{"line":69,"column":4},"end":{"line":72,"column":4}}},"2":{"name":"supportsInterface","line":77,"loc":{"start":{"line":77,"column":4},"end":{"line":79,"column":4}}},"3":{"name":"hasRole","line":84,"loc":{"start":{"line":84,"column":4},"end":{"line":86,"column":4}}},"4":{"name":"_checkRole","line":95,"loc":{"start":{"line":95,"column":4},"end":{"line":108,"column":4}}},"5":{"name":"getRoleAdmin","line":116,"loc":{"start":{"line":116,"column":4},"end":{"line":118,"column":4}}},"6":{"name":"grantRole","line":130,"loc":{"start":{"line":130,"column":4},"end":{"line":132,"column":4}}},"7":{"name":"revokeRole","line":143,"loc":{"start":{"line":143,"column":4},"end":{"line":145,"column":4}}},"8":{"name":"renounceRole","line":161,"loc":{"start":{"line":161,"column":4},"end":{"line":165,"column":4}}},"9":{"name":"_setupRole","line":185,"loc":{"start":{"line":185,"column":4},"end":{"line":187,"column":4}}},"10":{"name":"_setRoleAdmin","line":194,"loc":{"start":{"line":194,"column":4},"end":{"line":198,"column":4}}},"11":{"name":"_grantRole","line":205,"loc":{"start":{"line":205,"column":4},"end":{"line":210,"column":4}}},"12":{"name":"_revokeRole","line":217,"loc":{"start":{"line":217,"column":4},"end":{"line":222,"column":4}}}},"statementMap":{"1":{"start":{"line":70,"column":8},"end":{"line":70,"column":37}},"2":{"start":{"line":78,"column":8},"end":{"line":78,"column":102}},"3":{"start":{"line":85,"column":8},"end":{"line":85,"column":44}},"4":{"start":{"line":96,"column":8},"end":{"line":96,"column":3387}},"5":{"start":{"line":97,"column":12},"end":{"line":97,"column":3434}},"6":{"start":{"line":117,"column":8},"end":{"line":117,"column":37}},"7":{"start":{"line":131,"column":8},"end":{"line":131,"column":32}},"8":{"start":{"line":144,"column":8},"end":{"line":144,"column":33}},"9":{"start":{"line":162,"column":8},"end":{"line":162,"column":90}},"10":{"start":{"line":164,"column":8},"end":{"line":164,"column":33}},"11":{"start":{"line":186,"column":8},"end":{"line":186,"column":32}},"12":{"start":{"line":195,"column":8},"end":{"line":195,"column":54}},"13":{"start":{"line":196,"column":8},"end":{"line":196,"column":41}},"14":{"start":{"line":197,"column":8},"end":{"line":197,"column":65}},"15":{"start":{"line":206,"column":8},"end":{"line":206,"column":6900}},"16":{"start":{"line":207,"column":12},"end":{"line":207,"column":47}},"17":{"start":{"line":208,"column":12},"end":{"line":208,"column":57}},"18":{"start":{"line":218,"column":8},"end":{"line":218,"column":7259}},"19":{"start":{"line":219,"column":12},"end":{"line":219,"column":48}},"20":{"start":{"line":220,"column":12},"end":{"line":220,"column":57}}},"branchMap":{"1":{"line":96,"type":"if","locations":[{"start":{"line":96,"column":8},"end":{"line":96,"column":8}},{"start":{"line":96,"column":8},"end":{"line":96,"column":8}}]},"2":{"line":162,"type":"if","locations":[{"start":{"line":162,"column":8},"end":{"line":162,"column":8}},{"start":{"line":162,"column":8},"end":{"line":162,"column":8}}]},"3":{"line":206,"type":"if","locations":[{"start":{"line":206,"column":8},"end":{"line":206,"column":8}},{"start":{"line":206,"column":8},"end":{"line":206,"column":8}}]},"4":{"line":218,"type":"if","locations":[{"start":{"line":218,"column":8},"end":{"line":218,"column":8}},{"start":{"line":218,"column":8},"end":{"line":218,"column":8}}]}}},"contracts/access/IAccessControl.sol":{"l":{},"path":"/mnt/e/git/startup/fizzymagic/contracts/access/IAccessControl.sol","s":{},"b":{},"f":{},"fnMap":{},"statementMap":{},"branchMap":{}},"contracts/access/Ownable.sol":{"l":{"29":0,"36":0,"43":0,"44":0,"55":0,"63":0,"64":0,"72":0,"73":0,"74":0},"path":"/mnt/e/git/startup/fizzymagic/contracts/access/Ownable.sol","s":{"1":0,"2":0,"3":0,"4":0,"5":0,"6":0,"7":0,"8":0,"9":0},"b":{"1":[0,0],"2":[0,0]},"f":{"1":0,"2":0,"3":0,"4":0,"5":0,"6":0},"fnMap":{"1":{"name":"constructor","line":28,"loc":{"start":{"line":28,"column":4},"end":{"line":30,"column":4}}},"2":{"name":"owner","line":35,"loc":{"start":{"line":35,"column":4},"end":{"line":37,"column":4}}},"3":{"name":"onlyOwner","line":42,"loc":{"start":{"line":42,"column":4},"end":{"line":45,"column":4}}},"4":{"name":"renounceOwnership","line":54,"loc":{"start":{"line":54,"column":4},"end":{"line":56,"column":4}}},"5":{"name":"transferOwnership","line":62,"loc":{"start":{"line":62,"column":4},"end":{"line":65,"column":4}}},"6":{"name":"_transferOwnership","line":71,"loc":{"start":{"line":71,"column":4},"end":{"line":75,"column":4}}}},"statementMap":{"1":{"start":{"line":29,"column":8},"end":{"line":29,"column":39}},"2":{"start":{"line":36,"column":8},"end":{"line":36,"column":21}},"3":{"start":{"line":43,"column":8},"end":{"line":43,"column":75}},"4":{"start":{"line":55,"column":8},"end":{"line":55,"column":37}},"5":{"start":{"line":63,"column":8},"end":{"line":63,"column":80}},"6":{"start":{"line":64,"column":8},"end":{"line":64,"column":35}},"7":{"start":{"line":72,"column":8},"end":{"line":72,"column":33}},"8":{"start":{"line":73,"column":8},"end":{"line":73,"column":24}},"9":{"start":{"line":74,"column":8},"end":{"line":74,"column":53}}},"branchMap":{"1":{"line":43,"type":"if","locations":[{"start":{"line":43,"column":8},"end":{"line":43,"column":8}},{"start":{"line":43,"column":8},"end":{"line":43,"column":8}}]},"2":{"line":63,"type":"if","locations":[{"start":{"line":63,"column":8},"end":{"line":63,"column":8}},{"start":{"line":63,"column":8},"end":{"line":63,"column":8}}]}}},"contracts/FizzyFactory.sol":{"l":{"15":0,"19":0,"23":0,"24":0,"25":0,"26":0,"27":0,"28":0,"29":0,"32":0,"33":0,"34":0,"35":0,"36":0,"40":0,"41":0,"45":0,"46":0},"path":"/mnt/e/git/startup/fizzymagic/contracts/FizzyFactory.sol","s":{"1":0,"2":0,"3":0,"4":0,"5":0,"6":0,"7":0,"8":0,"9":0,"10":0,"11":0,"12":0,"13":0,"14":0,"15":0,"16":0,"17":0},"b":{"1":[0,0],"2":[0,0],"3":[0,0],"4":[0,0],"5":[0,0]},"f":{"1":0,"2":0,"3":0,"4":0,"5":0},"fnMap":{"1":{"name":"constructor","line":14,"loc":{"start":{"line":14,"column":4},"end":{"line":16,"column":4}}},"2":{"name":"allPairsLength","line":18,"loc":{"start":{"line":18,"column":4},"end":{"line":20,"column":4}}},"3":{"name":"createPair","line":22,"loc":{"start":{"line":22,"column":4},"end":{"line":37,"column":4}}},"4":{"name":"setFeeTo","line":39,"loc":{"start":{"line":39,"column":4},"end":{"line":42,"column":4}}},"5":{"name":"setFeeToSetter","line":44,"loc":{"start":{"line":44,"column":4},"end":{"line":47,"column":4}}}},"statementMap":{"1":{"start":{"line":15,"column":8},"end":{"line":15,"column":33}},"2":{"start":{"line":19,"column":8},"end":{"line":19,"column":30}},"3":{"start":{"line":23,"column":8},"end":{"line":23,"column":62}},"4":{"start":{"line":24,"column":8},"end":{"line":24,"column":96}},"5":{"start":{"line":25,"column":8},"end":{"line":25,"column":59}},"6":{"start":{"line":26,"column":8},"end":{"line":26,"column":75}},"7":{"start":{"line":27,"column":8},"end":{"line":27,"column":60}},"8":{"start":{"line":28,"column":8},"end":{"line":28,"column":66}},"9":{"start":{"line":32,"column":8},"end":{"line":32,"column":50}},"10":{"start":{"line":33,"column":8},"end":{"line":33,"column":37}},"11":{"start":{"line":34,"column":8},"end":{"line":34,"column":37}},"12":{"start":{"line":35,"column":8},"end":{"line":35,"column":26}},"13":{"start":{"line":36,"column":8},"end":{"line":36,"column":63}},"14":{"start":{"line":40,"column":8},"end":{"line":40,"column":61}},"15":{"start":{"line":41,"column":8},"end":{"line":41,"column":21}},"16":{"start":{"line":45,"column":8},"end":{"line":45,"column":61}},"17":{"start":{"line":46,"column":8},"end":{"line":46,"column":33}}},"branchMap":{"1":{"line":23,"type":"if","locations":[{"start":{"line":23,"column":8},"end":{"line":23,"column":8}},{"start":{"line":23,"column":8},"end":{"line":23,"column":8}}]},"2":{"line":25,"type":"if","locations":[{"start":{"line":25,"column":8},"end":{"line":25,"column":8}},{"start":{"line":25,"column":8},"end":{"line":25,"column":8}}]},"3":{"line":26,"type":"if","locations":[{"start":{"line":26,"column":8},"end":{"line":26,"column":8}},{"start":{"line":26,"column":8},"end":{"line":26,"column":8}}]},"4":{"line":40,"type":"if","locations":[{"start":{"line":40,"column":8},"end":{"line":40,"column":8}},{"start":{"line":40,"column":8},"end":{"line":40,"column":8}}]},"5":{"line":45,"type":"if","locations":[{"start":{"line":45,"column":8},"end":{"line":45,"column":8}},{"start":{"line":45,"column":8},"end":{"line":45,"column":8}}]}}},"contracts/FizzyMagicToken.sol":{"l":{"43":0,"44":0,"48":0,"52":0,"53":0,"54":0,"63":0,"78":0,"79":0,"80":0,"83":0,"95":0,"103":0,"125":0,"134":0,"143":0,"151":0,"152":0,"153":0,"154":0,"155":0,"168":0,"169":0,"184":0,"186":0,"187":0,"188":0,"192":0,"193":0,"197":0,"198":0,"201":0,"202":0,"203":0,"204":0,"205":0,"206":0,"207":0,"209":0,"211":0,"214":0,"220":0,"221":0,"222":0,"224":0,"226":0,"230":0,"231":0,"233":0,"234":0,"235":0,"236":0,"239":0,"241":0,"242":0,"243":0,"244":0,"257":0,"259":0,"260":0,"262":0,"263":0,"266":0,"270":0,"271":0,"275":0,"276":0,"277":0},"path":"/mnt/e/git/startup/fizzymagic/contracts/FizzyMagicToken.sol","s":{"1":0,"2":0,"3":0,"4":0,"5":0,"6":0,"7":0,"8":0,"9":0,"10":0,"11":0,"12":0,"13":0,"14":0,"15":0,"16":0,"17":0,"18":0,"19":0,"20":0,"21":0,"22":0,"23":0,"24":0,"25":0,"26":0,"27":0,"28":0,"29":0,"30":0,"31":0,"32":0,"33":0,"34":0,"35":0,"36":0,"37":0,"38":0,"39":0,"40":0,"41":0,"42":0,"43":0,"44":0,"45":0,"46":0,"47":0,"48":0,"49":0,"50":0,"51":0,"52":0,"53":0,"54":0,"55":0,"56":0,"57":0,"58":0,"59":0,"60":0,"61":0,"62":0,"63":0,"64":0,"65":0,"66":0,"67":0},"b":{"1":[0,0],"2":[0,0],"3":[0,0],"4":[0,0],"5":[0,0],"6":[0,0],"7":[0,0],"8":[0,0],"9":[0,0],"10":[0,0],"11":[0,0],"12":[0,0],"13":[0,0],"14":[0,0],"15":[0,0],"16":[0,0],"17":[0,0]},"f":{"1":0,"2":0,"3":0,"4":0,"5":0,"6":0,"7":0,"8":0,"9":0,"10":0,"11":0,"12":0,"13":0,"14":0,"15":0},"fnMap":{"1":{"name":"constructor","line":42,"loc":{"start":{"line":42,"column":4},"end":{"line":45,"column":4}}},"2":{"name":"maxSupply","line":47,"loc":{"start":{"line":47,"column":4},"end":{"line":49,"column":4}}},"3":{"name":"mint","line":51,"loc":{"start":{"line":51,"column":4},"end":{"line":55,"column":4}}},"4":{"name":"burn","line":62,"loc":{"start":{"line":62,"column":4},"end":{"line":64,"column":4}}},"5":{"name":"burnFrom","line":77,"loc":{"start":{"line":77,"column":4},"end":{"line":84,"column":4}}},"6":{"name":"delegates","line":90,"loc":{"start":{"line":90,"column":4},"end":{"line":96,"column":4}}},"7":{"name":"delegate","line":102,"loc":{"start":{"line":102,"column":4},"end":{"line":104,"column":4}}},"8":{"name":"delegateBySig","line":115,"loc":{"start":{"line":115,"column":4},"end":{"line":156,"column":4}}},"9":{"name":"getCurrentVotes","line":163,"loc":{"start":{"line":163,"column":4},"end":{"line":170,"column":4}}},"10":{"name":"getPriorVotes","line":179,"loc":{"start":{"line":179,"column":4},"end":{"line":215,"column":4}}},"11":{"name":"_delegate","line":217,"loc":{"start":{"line":217,"column":4},"end":{"line":227,"column":4}}},"12":{"name":"_moveDelegates","line":229,"loc":{"start":{"line":229,"column":4},"end":{"line":247,"column":4}}},"13":{"name":"_writeCheckpoint","line":249,"loc":{"start":{"line":249,"column":4},"end":{"line":267,"column":4}}},"14":{"name":"safe32","line":269,"loc":{"start":{"line":269,"column":4},"end":{"line":272,"column":4}}},"15":{"name":"getChainId","line":274,"loc":{"start":{"line":274,"column":4},"end":{"line":278,"column":4}}}},"statementMap":{"1":{"start":{"line":43,"column":8},"end":{"line":43,"column":42}},"2":{"start":{"line":44,"column":8},"end":{"line":44,"column":23}},"3":{"start":{"line":48,"column":8},"end":{"line":48,"column":25}},"4":{"start":{"line":52,"column":8},"end":{"line":52,"column":82}},"5":{"start":{"line":53,"column":8},"end":{"line":53,"column":23}},"6":{"start":{"line":54,"column":8},"end":{"line":54,"column":57}},"7":{"start":{"line":63,"column":8},"end":{"line":63,"column":34}},"8":{"start":{"line":78,"column":8},"end":{"line":78,"column":67}},"9":{"start":{"line":79,"column":8},"end":{"line":79,"column":82}},"10":{"start":{"line":83,"column":8},"end":{"line":83,"column":29}},"11":{"start":{"line":95,"column":8},"end":{"line":95,"column":36}},"12":{"start":{"line":103,"column":8},"end":{"line":103,"column":47}},"13":{"start":{"line":125,"column":8},"end":{"line":125,"column":4058}},"14":{"start":{"line":134,"column":8},"end":{"line":134,"column":4288}},"15":{"start":{"line":143,"column":8},"end":{"line":143,"column":4488}},"16":{"start":{"line":151,"column":8},"end":{"line":151,"column":54}},"17":{"start":{"line":152,"column":8},"end":{"line":152,"column":82}},"18":{"start":{"line":153,"column":8},"end":{"line":153,"column":83}},"19":{"start":{"line":154,"column":8},"end":{"line":154,"column":84}},"20":{"start":{"line":155,"column":8},"end":{"line":155,"column":46}},"21":{"start":{"line":168,"column":8},"end":{"line":168,"column":53}},"22":{"start":{"line":169,"column":8},"end":{"line":169,"column":82}},"23":{"start":{"line":184,"column":8},"end":{"line":184,"column":86}},"24":{"start":{"line":186,"column":8},"end":{"line":186,"column":53}},"25":{"start":{"line":187,"column":8},"end":{"line":187,"column":6163}},"26":{"start":{"line":188,"column":12},"end":{"line":188,"column":20}},"27":{"start":{"line":192,"column":8},"end":{"line":192,"column":6272}},"28":{"start":{"line":193,"column":12},"end":{"line":193,"column":63}},"29":{"start":{"line":197,"column":8},"end":{"line":197,"column":6471}},"30":{"start":{"line":198,"column":12},"end":{"line":198,"column":20}},"31":{"start":{"line":201,"column":8},"end":{"line":201,"column":24}},"32":{"start":{"line":202,"column":8},"end":{"line":202,"column":39}},"33":{"start":{"line":203,"column":8},"end":{"line":203,"column":6634}},"34":{"start":{"line":204,"column":12},"end":{"line":204,"column":55}},"35":{"start":{"line":205,"column":12},"end":{"line":205,"column":63}},"36":{"start":{"line":206,"column":12},"end":{"line":206,"column":6823}},"37":{"start":{"line":207,"column":16},"end":{"line":207,"column":31}},"38":{"start":{"line":208,"column":19},"end":{"line":208,"column":6910}},"39":{"start":{"line":209,"column":16},"end":{"line":209,"column":29}},"40":{"start":{"line":211,"column":16},"end":{"line":211,"column":33}},"41":{"start":{"line":214,"column":8},"end":{"line":214,"column":48}},"42":{"start":{"line":220,"column":8},"end":{"line":220,"column":55}},"43":{"start":{"line":221,"column":8},"end":{"line":221,"column":55}},"44":{"start":{"line":222,"column":8},"end":{"line":222,"column":40}},"45":{"start":{"line":224,"column":8},"end":{"line":224,"column":67}},"46":{"start":{"line":226,"column":8},"end":{"line":226,"column":67}},"47":{"start":{"line":230,"column":8},"end":{"line":230,"column":7640}},"48":{"start":{"line":231,"column":12},"end":{"line":231,"column":7694}},"49":{"start":{"line":233,"column":16},"end":{"line":233,"column":57}},"50":{"start":{"line":234,"column":16},"end":{"line":234,"column":96}},"51":{"start":{"line":235,"column":16},"end":{"line":235,"column":54}},"52":{"start":{"line":236,"column":16},"end":{"line":236,"column":72}},"53":{"start":{"line":239,"column":12},"end":{"line":239,"column":8084}},"54":{"start":{"line":241,"column":16},"end":{"line":241,"column":57}},"55":{"start":{"line":242,"column":16},"end":{"line":242,"column":96}},"56":{"start":{"line":243,"column":16},"end":{"line":243,"column":54}},"57":{"start":{"line":244,"column":16},"end":{"line":244,"column":72}},"58":{"start":{"line":257,"column":8},"end":{"line":257,"column":106}},"59":{"start":{"line":259,"column":8},"end":{"line":259,"column":8758}},"60":{"start":{"line":260,"column":12},"end":{"line":260,"column":68}},"61":{"start":{"line":262,"column":12},"end":{"line":262,"column":83}},"62":{"start":{"line":263,"column":12},"end":{"line":263,"column":55}},"63":{"start":{"line":266,"column":8},"end":{"line":266,"column":64}},"64":{"start":{"line":270,"column":8},"end":{"line":270,"column":39}},"65":{"start":{"line":271,"column":8},"end":{"line":271,"column":24}},"66":{"start":{"line":275,"column":8},"end":{"line":275,"column":23}},"67":{"start":{"line":277,"column":8},"end":{"line":277,"column":22}}},"branchMap":{"1":{"line":43,"type":"if","locations":[{"start":{"line":43,"column":8},"end":{"line":43,"column":8}},{"start":{"line":43,"column":8},"end":{"line":43,"column":8}}]},"2":{"line":52,"type":"if","locations":[{"start":{"line":52,"column":8},"end":{"line":52,"column":8}},{"start":{"line":52,"column":8},"end":{"line":52,"column":8}}]},"3":{"line":79,"type":"if","locations":[{"start":{"line":79,"column":8},"end":{"line":79,"column":8}},{"start":{"line":79,"column":8},"end":{"line":79,"column":8}}]},"4":{"line":152,"type":"if","locations":[{"start":{"line":152,"column":8},"end":{"line":152,"column":8}},{"start":{"line":152,"column":8},"end":{"line":152,"column":8}}]},"5":{"line":153,"type":"if","locations":[{"start":{"line":153,"column":8},"end":{"line":153,"column":8}},{"start":{"line":153,"column":8},"end":{"line":153,"column":8}}]},"6":{"line":154,"type":"if","locations":[{"start":{"line":154,"column":8},"end":{"line":154,"column":8}},{"start":{"line":154,"column":8},"end":{"line":154,"column":8}}]},"7":{"line":184,"type":"if","locations":[{"start":{"line":184,"column":8},"end":{"line":184,"column":8}},{"start":{"line":184,"column":8},"end":{"line":184,"column":8}}]},"8":{"line":187,"type":"if","locations":[{"start":{"line":187,"column":8},"end":{"line":187,"column":8}},{"start":{"line":187,"column":8},"end":{"line":187,"column":8}}]},"9":{"line":192,"type":"if","locations":[{"start":{"line":192,"column":8},"end":{"line":192,"column":8}},{"start":{"line":192,"column":8},"end":{"line":192,"column":8}}]},"10":{"line":197,"type":"if","locations":[{"start":{"line":197,"column":8},"end":{"line":197,"column":8}},{"start":{"line":197,"column":8},"end":{"line":197,"column":8}}]},"11":{"line":206,"type":"if","locations":[{"start":{"line":206,"column":12},"end":{"line":206,"column":12}},{"start":{"line":206,"column":12},"end":{"line":206,"column":12}}]},"12":{"line":208,"type":"if","locations":[{"start":{"line":208,"column":19},"end":{"line":208,"column":19}},{"start":{"line":208,"column":19},"end":{"line":208,"column":19}}]},"13":{"line":230,"type":"if","locations":[{"start":{"line":230,"column":8},"end":{"line":230,"column":8}},{"start":{"line":230,"column":8},"end":{"line":230,"column":8}}]},"14":{"line":231,"type":"if","locations":[{"start":{"line":231,"column":12},"end":{"line":231,"column":12}},{"start":{"line":231,"column":12},"end":{"line":231,"column":12}}]},"15":{"line":239,"type":"if","locations":[{"start":{"line":239,"column":12},"end":{"line":239,"column":12}},{"start":{"line":239,"column":12},"end":{"line":239,"column":12}}]},"16":{"line":259,"type":"if","locations":[{"start":{"line":259,"column":8},"end":{"line":259,"column":8}},{"start":{"line":259,"column":8},"end":{"line":259,"column":8}}]},"17":{"line":270,"type":"if","locations":[{"start":{"line":270,"column":8},"end":{"line":270,"column":8}},{"start":{"line":270,"column":8},"end":{"line":270,"column":8}}]}}},"contracts/FizzyMigrator.sol":{"l":{"18":0,"19":0,"30":0,"31":0,"32":0,"33":0,"34":0,"35":0,"43":0,"44":0,"45":0,"48":0},"path":"/mnt/e/git/startup/fizzymagic/contracts/FizzyMigrator.sol","s":{"1":0,"2":0,"3":0,"4":0,"5":0,"6":0,"7":0,"8":0,"9":0,"10":0,"11":0,"12":0,"13":0},"b":{"1":[0,0],"2":[0,0],"3":[0,0]},"f":{"1":0,"2":0},"fnMap":{"1":{"name":"constructor","line":17,"loc":{"start":{"line":17,"column":4},"end":{"line":20,"column":4}}},"2":{"name":"migrate","line":26,"loc":{"start":{"line":26,"column":4},"end":{"line":50,"column":4}}}},"statementMap":{"1":{"start":{"line":18,"column":8},"end":{"line":18,"column":47}},"2":{"start":{"line":19,"column":8},"end":{"line":19,"column":39}},"3":{"start":{"line":30,"column":8},"end":{"line":30,"column":86}},"4":{"start":{"line":31,"column":8},"end":{"line":31,"column":59}},"5":{"start":{"line":32,"column":8},"end":{"line":32,"column":103}},"6":{"start":{"line":33,"column":8},"end":{"line":33,"column":107}},"7":{"start":{"line":34,"column":8},"end":{"line":34,"column":72}},"8":{"start":{"line":35,"column":8},"end":{"line":35,"column":1494}},"9":{"start":{"line":43,"column":8},"end":{"line":43,"column":1735}},"10":{"start":{"line":44,"column":12},"end":{"line":44,"column":64}},"11":{"start":{"line":45,"column":12},"end":{"line":45,"column":88}},"12":{"start":{"line":46,"column":15},"end":{"line":46,"column":1999}},"13":{"start":{"line":48,"column":12},"end":{"line":48,"column":80}}},"branchMap":{"1":{"line":32,"type":"if","locations":[{"start":{"line":32,"column":8},"end":{"line":32,"column":8}},{"start":{"line":32,"column":8},"end":{"line":32,"column":8}}]},"2":{"line":43,"type":"if","locations":[{"start":{"line":43,"column":8},"end":{"line":43,"column":8}},{"start":{"line":43,"column":8},"end":{"line":43,"column":8}}]},"3":{"line":46,"type":"if","locations":[{"start":{"line":46,"column":15},"end":{"line":46,"column":15}},{"start":{"line":46,"column":15},"end":{"line":46,"column":15}}]}}},"contracts/FizzyPair.sol":{"l":{"34":0,"35":0,"36":0,"37":0,"41":0,"42":0,"43":0,"46":0,"58":0,"66":0,"68":0,"69":0,"70":0,"74":0,"78":0,"79":0,"86":0,"87":0,"88":0,"92":0,"93":0,"94":0,"99":0,"100":0,"101":0,"106":0,"107":0,"108":0,"109":0,"110":0,"112":0,"113":0,"114":0,"115":0,"116":0,"118":0,"120":0,"121":0,"123":0,"124":0,"125":0,"130":0,"131":0,"132":0,"133":0,"134":0,"135":0,"137":0,"138":0,"139":0,"140":0,"141":0,"142":0,"143":0,"144":0,"145":0,"146":0,"148":0,"149":0,"150":0,"155":0,"156":0,"157":0,"159":0,"160":0,"161":0,"162":0,"163":0,"164":0,"165":0,"166":0,"167":0,"168":0,"169":0,"171":0,"172":0,"173":0,"174":0,"175":0,"176":0,"177":0,"180":0,"181":0,"186":0,"187":0,"188":0,"189":0,"194":0,"199":0,"200":0,"205":0,"206":0,"207":0,"208":0,"209":0,"211":0,"212":0,"214":0,"215":0,"216":0,"217":0,"222":0,"223":0,"224":0,"225":0,"226":0,"227":0,"228":0,"229":0,"230":0,"231":0,"232":0,"233":0,"237":0},"path":"/mnt/e/git/startup/fizzymagic/contracts/FizzyPair.sol","s":{"1":0,"2":0,"3":0,"4":0,"5":0,"6":0,"7":0,"8":0,"9":0,"10":0,"11":0,"12":0,"13":0,"14":0,"15":0,"16":0,"17":0,"18":0,"19":0,"20":0,"21":0,"22":0,"23":0,"24":0,"25":0,"26":0,"27":0,"28":0,"29":0,"30":0,"31":0,"32":0,"33":0,"34":0,"35":0,"36":0,"37":0,"38":0,"39":0,"40":0,"41":0,"42":0,"43":0,"44":0,"45":0,"46":0,"47":0,"48":0,"49":0,"50":0,"51":0,"52":0,"53":0,"54":0,"55":0,"56":0,"57":0,"58":0,"59":0,"60":0,"61":0,"62":0,"63":0,"64":0,"65":0,"66":0,"67":0,"68":0,"69":0,"70":0,"71":0,"72":0,"73":0,"74":0,"75":0,"76":0,"77":0,"78":0,"79":0,"80":0,"81":0,"82":0,"83":0,"84":0,"85":0,"86":0,"87":0,"88":0,"89":0,"90":0,"91":0,"92":0,"93":0,"94":0,"95":0,"96":0,"97":0,"98":0,"99":0,"100":0,"101":0,"102":0,"103":0,"104":0,"105":0,"106":0,"107":0,"108":0,"109":0,"110":0,"111":0,"112":0,"113":0,"114":0,"115":0,"116":0},"b":{"1":[0,0],"2":[0,0],"3":[0,0],"4":[0,0],"5":[0,0],"6":[0,0],"7":[0,0],"8":[0,0],"9":[0,0],"10":[0,0],"11":[0,0],"12":[0,0],"13":[0,0],"14":[0,0],"15":[0,0],"16":[0,0],"17":[0,0],"18":[0,0],"19":[0,0],"20":[0,0],"21":[0,0],"22":[0,0],"23":[0,0],"24":[0,0],"25":[0,0],"26":[0,0]},"f":{"1":0,"2":0,"3":0,"4":0,"5":0,"6":0,"7":0,"8":0,"9":0,"10":0,"11":0,"12":0,"13":0,"14":0,"15":0},"fnMap":{"1":{"name":"lock","line":33,"loc":{"start":{"line":33,"column":4},"end":{"line":38,"column":4}}},"2":{"name":"constructor","line":40,"loc":{"start":{"line":40,"column":4},"end":{"line":55,"column":4}}},"3":{"name":"totalSupply","line":57,"loc":{"start":{"line":57,"column":4},"end":{"line":59,"column":4}}},"4":{"name":"transferFrom","line":61,"loc":{"start":{"line":61,"column":4},"end":{"line":75,"column":4}}},"5":{"name":"permit","line":77,"loc":{"start":{"line":77,"column":4},"end":{"line":89,"column":4}}},"6":{"name":"getReserves","line":91,"loc":{"start":{"line":91,"column":4},"end":{"line":95,"column":4}}},"7":{"name":"initialize","line":98,"loc":{"start":{"line":98,"column":4},"end":{"line":102,"column":4}}},"8":{"name":"mint","line":105,"loc":{"start":{"line":105,"column":4},"end":{"line":126,"column":4}}},"9":{"name":"burn","line":129,"loc":{"start":{"line":129,"column":4},"end":{"line":151,"column":4}}},"10":{"name":"swap","line":154,"loc":{"start":{"line":154,"column":4},"end":{"line":182,"column":4}}},"11":{"name":"skim","line":185,"loc":{"start":{"line":185,"column":4},"end":{"line":190,"column":4}}},"12":{"name":"sync","line":193,"loc":{"start":{"line":193,"column":4},"end":{"line":195,"column":4}}},"13":{"name":"_safeTransfer","line":198,"loc":{"start":{"line":198,"column":4},"end":{"line":201,"column":4}}},"14":{"name":"_update","line":204,"loc":{"start":{"line":204,"column":4},"end":{"line":218,"column":4}}},"15":{"name":"_mintFee","line":221,"loc":{"start":{"line":221,"column":4},"end":{"line":239,"column":4}}}},"statementMap":{"1":{"start":{"line":34,"column":8},"end":{"line":34,"column":46}},"2":{"start":{"line":35,"column":8},"end":{"line":35,"column":19}},"3":{"start":{"line":37,"column":8},"end":{"line":37,"column":19}},"4":{"start":{"line":41,"column":8},"end":{"line":41,"column":20}},"5":{"start":{"line":42,"column":8},"end":{"line":42,"column":27}},"6":{"start":{"line":46,"column":8},"end":{"line":46,"column":1647}},"7":{"start":{"line":58,"column":8},"end":{"line":58,"column":34}},"8":{"start":{"line":66,"column":8},"end":{"line":66,"column":43}},"9":{"start":{"line":68,"column":8},"end":{"line":68,"column":71}},"10":{"start":{"line":69,"column":8},"end":{"line":69,"column":86}},"11":{"start":{"line":74,"column":8},"end":{"line":74,"column":19}},"12":{"start":{"line":78,"column":8},"end":{"line":78,"column":61}},"13":{"start":{"line":79,"column":8},"end":{"line":79,"column":2818}},"14":{"start":{"line":86,"column":8},"end":{"line":86,"column":61}},"15":{"start":{"line":87,"column":8},"end":{"line":87,"column":103}},"16":{"start":{"line":88,"column":8},"end":{"line":88,"column":38}},"17":{"start":{"line":92,"column":8},"end":{"line":92,"column":27}},"18":{"start":{"line":93,"column":8},"end":{"line":93,"column":27}},"19":{"start":{"line":94,"column":8},"end":{"line":94,"column":47}},"20":{"start":{"line":99,"column":8},"end":{"line":99,"column":57}},"21":{"start":{"line":100,"column":8},"end":{"line":100,"column":23}},"22":{"start":{"line":101,"column":8},"end":{"line":101,"column":23}},"23":{"start":{"line":106,"column":8},"end":{"line":106,"column":63}},"24":{"start":{"line":107,"column":8},"end":{"line":107,"column":63}},"25":{"start":{"line":108,"column":8},"end":{"line":108,"column":63}},"26":{"start":{"line":109,"column":8},"end":{"line":109,"column":43}},"27":{"start":{"line":110,"column":8},"end":{"line":110,"column":43}},"28":{"start":{"line":112,"column":8},"end":{"line":112,"column":51}},"29":{"start":{"line":113,"column":8},"end":{"line":113,"column":41}},"30":{"start":{"line":114,"column":8},"end":{"line":114,"column":4438}},"31":{"start":{"line":115,"column":12},"end":{"line":115,"column":71}},"32":{"start":{"line":116,"column":11},"end":{"line":116,"column":46}},"33":{"start":{"line":118,"column":12},"end":{"line":118,"column":107}},"34":{"start":{"line":120,"column":8},"end":{"line":120,"column":69}},"35":{"start":{"line":121,"column":8},"end":{"line":121,"column":27}},"36":{"start":{"line":123,"column":8},"end":{"line":123,"column":56}},"37":{"start":{"line":124,"column":8},"end":{"line":124,"column":58}},"38":{"start":{"line":124,"column":19},"end":{"line":124,"column":57}},"39":{"start":{"line":125,"column":8},"end":{"line":125,"column":47}},"40":{"start":{"line":130,"column":8},"end":{"line":130,"column":63}},"41":{"start":{"line":131,"column":8},"end":{"line":131,"column":32}},"42":{"start":{"line":132,"column":8},"end":{"line":132,"column":32}},"43":{"start":{"line":133,"column":8},"end":{"line":133,"column":64}},"44":{"start":{"line":134,"column":8},"end":{"line":134,"column":64}},"45":{"start":{"line":135,"column":8},"end":{"line":135,"column":49}},"46":{"start":{"line":137,"column":8},"end":{"line":137,"column":51}},"47":{"start":{"line":138,"column":8},"end":{"line":138,"column":41}},"48":{"start":{"line":139,"column":8},"end":{"line":139,"column":54}},"49":{"start":{"line":140,"column":8},"end":{"line":140,"column":54}},"50":{"start":{"line":141,"column":8},"end":{"line":141,"column":82}},"51":{"start":{"line":142,"column":8},"end":{"line":142,"column":38}},"52":{"start":{"line":143,"column":8},"end":{"line":143,"column":42}},"53":{"start":{"line":144,"column":8},"end":{"line":144,"column":42}},"54":{"start":{"line":145,"column":8},"end":{"line":145,"column":58}},"55":{"start":{"line":146,"column":8},"end":{"line":146,"column":58}},"56":{"start":{"line":148,"column":8},"end":{"line":148,"column":56}},"57":{"start":{"line":149,"column":8},"end":{"line":149,"column":58}},"58":{"start":{"line":149,"column":19},"end":{"line":149,"column":57}},"59":{"start":{"line":150,"column":8},"end":{"line":150,"column":51}},"60":{"start":{"line":155,"column":8},"end":{"line":155,"column":85}},"61":{"start":{"line":156,"column":8},"end":{"line":156,"column":63}},"62":{"start":{"line":157,"column":8},"end":{"line":157,"column":97}},"63":{"start":{"line":159,"column":8},"end":{"line":159,"column":21}},"64":{"start":{"line":160,"column":8},"end":{"line":160,"column":21}},"65":{"start":{"line":162,"column":8},"end":{"line":162,"column":32}},"66":{"start":{"line":163,"column":8},"end":{"line":163,"column":32}},"67":{"start":{"line":164,"column":8},"end":{"line":164,"column":67}},"68":{"start":{"line":165,"column":8},"end":{"line":165,"column":66}},"69":{"start":{"line":165,"column":28},"end":{"line":165,"column":65}},"70":{"start":{"line":166,"column":8},"end":{"line":166,"column":66}},"71":{"start":{"line":166,"column":28},"end":{"line":166,"column":65}},"72":{"start":{"line":167,"column":8},"end":{"line":167,"column":97}},"73":{"start":{"line":167,"column":29},"end":{"line":167,"column":96}},"74":{"start":{"line":168,"column":8},"end":{"line":168,"column":58}},"75":{"start":{"line":169,"column":8},"end":{"line":169,"column":58}},"76":{"start":{"line":171,"column":8},"end":{"line":171,"column":100}},"77":{"start":{"line":172,"column":8},"end":{"line":172,"column":100}},"78":{"start":{"line":173,"column":8},"end":{"line":173,"column":82}},"79":{"start":{"line":175,"column":8},"end":{"line":175,"column":67}},"80":{"start":{"line":176,"column":8},"end":{"line":176,"column":67}},"81":{"start":{"line":177,"column":8},"end":{"line":177,"column":114}},"82":{"start":{"line":180,"column":8},"end":{"line":180,"column":56}},"83":{"start":{"line":181,"column":8},"end":{"line":181,"column":79}},"84":{"start":{"line":186,"column":8},"end":{"line":186,"column":32}},"85":{"start":{"line":187,"column":8},"end":{"line":187,"column":32}},"86":{"start":{"line":188,"column":8},"end":{"line":188,"column":86}},"87":{"start":{"line":189,"column":8},"end":{"line":189,"column":86}},"88":{"start":{"line":194,"column":8},"end":{"line":194,"column":116}},"89":{"start":{"line":199,"column":8},"end":{"line":199,"column":99}},"90":{"start":{"line":200,"column":8},"end":{"line":200,"column":99}},"91":{"start":{"line":205,"column":8},"end":{"line":205,"column":42}},"92":{"start":{"line":206,"column":8},"end":{"line":206,"column":85}},"93":{"start":{"line":207,"column":8},"end":{"line":207,"column":63}},"94":{"start":{"line":208,"column":8},"end":{"line":208,"column":64}},"95":{"start":{"line":209,"column":8},"end":{"line":209,"column":9908}},"96":{"start":{"line":211,"column":12},"end":{"line":211,"column":149}},"97":{"start":{"line":212,"column":12},"end":{"line":212,"column":149}},"98":{"start":{"line":214,"column":8},"end":{"line":214,"column":35}},"99":{"start":{"line":215,"column":8},"end":{"line":215,"column":35}},"100":{"start":{"line":216,"column":8},"end":{"line":216,"column":42}},"101":{"start":{"line":217,"column":8},"end":{"line":217,"column":37}},"102":{"start":{"line":222,"column":8},"end":{"line":222,"column":54}},"103":{"start":{"line":223,"column":8},"end":{"line":223,"column":34}},"104":{"start":{"line":224,"column":8},"end":{"line":224,"column":27}},"105":{"start":{"line":225,"column":8},"end":{"line":225,"column":10825}},"106":{"start":{"line":226,"column":12},"end":{"line":226,"column":10854}},"107":{"start":{"line":227,"column":16},"end":{"line":227,"column":73}},"108":{"start":{"line":228,"column":16},"end":{"line":228,"column":50}},"109":{"start":{"line":229,"column":16},"end":{"line":229,"column":11020}},"110":{"start":{"line":230,"column":20},"end":{"line":230,"column":72}},"111":{"start":{"line":231,"column":20},"end":{"line":231,"column":62}},"112":{"start":{"line":232,"column":20},"end":{"line":232,"column":60}},"113":{"start":{"line":233,"column":20},"end":{"line":233,"column":62}},"114":{"start":{"line":233,"column":39},"end":{"line":233,"column":61}},"115":{"start":{"line":236,"column":15},"end":{"line":236,"column":11348}},"116":{"start":{"line":237,"column":12},"end":{"line":237,"column":20}}},"branchMap":{"1":{"line":34,"type":"if","locations":[{"start":{"line":34,"column":8},"end":{"line":34,"column":8}},{"start":{"line":34,"column":8},"end":{"line":34,"column":8}}]},"2":{"line":69,"type":"if","locations":[{"start":{"line":69,"column":8},"end":{"line":69,"column":8}},{"start":{"line":69,"column":8},"end":{"line":69,"column":8}}]},"3":{"line":78,"type":"if","locations":[{"start":{"line":78,"column":8},"end":{"line":78,"column":8}},{"start":{"line":78,"column":8},"end":{"line":78,"column":8}}]},"4":{"line":87,"type":"if","locations":[{"start":{"line":87,"column":8},"end":{"line":87,"column":8}},{"start":{"line":87,"column":8},"end":{"line":87,"column":8}}]},"5":{"line":99,"type":"if","locations":[{"start":{"line":99,"column":8},"end":{"line":99,"column":8}},{"start":{"line":99,"column":8},"end":{"line":99,"column":8}}]},"6":{"line":114,"type":"if","locations":[{"start":{"line":114,"column":8},"end":{"line":114,"column":8}},{"start":{"line":114,"column":8},"end":{"line":114,"column":8}}]},"7":{"line":120,"type":"if","locations":[{"start":{"line":120,"column":8},"end":{"line":120,"column":8}},{"start":{"line":120,"column":8},"end":{"line":120,"column":8}}]},"8":{"line":124,"type":"if","locations":[{"start":{"line":124,"column":8},"end":{"line":124,"column":8}},{"start":{"line":124,"column":8},"end":{"line":124,"column":8}}]},"9":{"line":141,"type":"if","locations":[{"start":{"line":141,"column":8},"end":{"line":141,"column":8}},{"start":{"line":141,"column":8},"end":{"line":141,"column":8}}]},"10":{"line":149,"type":"if","locations":[{"start":{"line":149,"column":8},"end":{"line":149,"column":8}},{"start":{"line":149,"column":8},"end":{"line":149,"column":8}}]},"11":{"line":155,"type":"if","locations":[{"start":{"line":155,"column":8},"end":{"line":155,"column":8}},{"start":{"line":155,"column":8},"end":{"line":155,"column":8}}]},"12":{"line":157,"type":"if","locations":[{"start":{"line":157,"column":8},"end":{"line":157,"column":8}},{"start":{"line":157,"column":8},"end":{"line":157,"column":8}}]},"13":{"line":164,"type":"if","locations":[{"start":{"line":164,"column":8},"end":{"line":164,"column":8}},{"start":{"line":164,"column":8},"end":{"line":164,"column":8}}]},"14":{"line":165,"type":"if","locations":[{"start":{"line":165,"column":8},"end":{"line":165,"column":8}},{"start":{"line":165,"column":8},"end":{"line":165,"column":8}}]},"15":{"line":166,"type":"if","locations":[{"start":{"line":166,"column":8},"end":{"line":166,"column":8}},{"start":{"line":166,"column":8},"end":{"line":166,"column":8}}]},"16":{"line":167,"type":"if","locations":[{"start":{"line":167,"column":8},"end":{"line":167,"column":8}},{"start":{"line":167,"column":8},"end":{"line":167,"column":8}}]},"17":{"line":173,"type":"if","locations":[{"start":{"line":173,"column":8},"end":{"line":173,"column":8}},{"start":{"line":173,"column":8},"end":{"line":173,"column":8}}]},"18":{"line":177,"type":"if","locations":[{"start":{"line":177,"column":8},"end":{"line":177,"column":8}},{"start":{"line":177,"column":8},"end":{"line":177,"column":8}}]},"19":{"line":200,"type":"if","locations":[{"start":{"line":200,"column":8},"end":{"line":200,"column":8}},{"start":{"line":200,"column":8},"end":{"line":200,"column":8}}]},"20":{"line":206,"type":"if","locations":[{"start":{"line":206,"column":8},"end":{"line":206,"column":8}},{"start":{"line":206,"column":8},"end":{"line":206,"column":8}}]},"21":{"line":209,"type":"if","locations":[{"start":{"line":209,"column":8},"end":{"line":209,"column":8}},{"start":{"line":209,"column":8},"end":{"line":209,"column":8}}]},"22":{"line":225,"type":"if","locations":[{"start":{"line":225,"column":8},"end":{"line":225,"column":8}},{"start":{"line":225,"column":8},"end":{"line":225,"column":8}}]},"23":{"line":226,"type":"if","locations":[{"start":{"line":226,"column":12},"end":{"line":226,"column":12}},{"start":{"line":226,"column":12},"end":{"line":226,"column":12}}]},"24":{"line":229,"type":"if","locations":[{"start":{"line":229,"column":16},"end":{"line":229,"column":16}},{"start":{"line":229,"column":16},"end":{"line":229,"column":16}}]},"25":{"line":233,"type":"if","locations":[{"start":{"line":233,"column":20},"end":{"line":233,"column":20}},{"start":{"line":233,"column":20},"end":{"line":233,"column":20}}]},"26":{"line":236,"type":"if","locations":[{"start":{"line":236,"column":15},"end":{"line":236,"column":15}},{"start":{"line":236,"column":15},"end":{"line":236,"column":15}}]}}},"contracts/FizzyRouter01.sol":{"l":{"17":0,"18":0,"22":0,"23":0,"27":0,"40":0,"41":0,"43":0,"44":0,"45":0,"47":0,"48":0,"49":0,"50":0,"52":0,"53":0,"54":0,"55":0,"69":0,"70":0,"71":0,"72":0,"73":0,"83":0,"91":0,"92":0,"93":0,"94":0,"95":0,"96":0,"109":0,"110":0,"111":0,"112":0,"113":0,"114":0,"115":0,"125":0,"134":0,"135":0,"136":0,"148":0,"149":0,"150":0,"151":0,"162":0,"163":0,"164":0,"165":0,"171":0,"172":0,"173":0,"174":0,"175":0,"176":0,"177":0,"187":0,"188":0,"189":0,"190":0,"199":0,"200":0,"201":0,"202":0,"211":0,"212":0,"213":0,"214":0,"215":0,"216":0,"224":0,"225":0,"226":0,"227":0,"228":0,"229":0,"230":0,"238":0,"239":0,"240":0,"241":0,"242":0,"243":0,"244":0,"253":0,"254":0,"255":0,"256":0,"257":0,"258":0,"259":0,"263":0,"267":0,"271":0,"275":0,"279":0},"path":"/mnt/e/git/startup/fizzymagic/contracts/FizzyRouter01.sol","s":{"1":0,"2":0,"3":0,"4":0,"5":0,"6":0,"7":0,"8":0,"9":0,"10":0,"11":0,"12":0,"13":0,"14":0,"15":0,"16":0,"17":0,"18":0,"19":0,"20":0,"21":0,"22":0,"23":0,"24":0,"25":0,"26":0,"27":0,"28":0,"29":0,"30":0,"31":0,"32":0,"33":0,"34":0,"35":0,"36":0,"37":0,"38":0,"39":0,"40":0,"41":0,"42":0,"43":0,"44":0,"45":0,"46":0,"47":0,"48":0,"49":0,"50":0,"51":0,"52":0,"53":0,"54":0,"55":0,"56":0,"57":0,"58":0,"59":0,"60":0,"61":0,"62":0,"63":0,"64":0,"65":0,"66":0,"67":0,"68":0,"69":0,"70":0,"71":0,"72":0,"73":0,"74":0,"75":0,"76":0,"77":0,"78":0,"79":0,"80":0,"81":0,"82":0,"83":0,"84":0,"85":0,"86":0,"87":0,"88":0,"89":0,"90":0,"91":0,"92":0,"93":0,"94":0,"95":0,"96":0},"b":{"1":[0,0],"2":[0,0],"3":[0,0],"4":[0,0],"5":[0,0],"6":[0,0],"7":[0,0],"8":[0,0],"9":[0,0],"10":[0,0],"11":[0,0],"12":[0,0],"13":[0,0],"14":[0,0],"15":[0,0],"16":[0,0],"17":[0,0],"18":[0,0],"19":[0,0],"20":[0,0]},"f":{"1":0,"2":0,"3":0,"4":0,"5":0,"6":0,"7":0,"8":0,"9":0,"10":0,"11":0,"12":0,"13":0,"14":0,"15":0,"16":0,"17":0,"18":0,"19":0,"20":0,"21":0},"fnMap":{"1":{"name":"ensure","line":16,"loc":{"start":{"line":16,"column":4},"end":{"line":19,"column":4}}},"2":{"name":"constructor","line":21,"loc":{"start":{"line":21,"column":4},"end":{"line":24,"column":4}}},"3":{"name":"_addLiquidity","line":31,"loc":{"start":{"line":31,"column":4},"end":{"line":58,"column":4}}},"4":{"name":"addLiquidity","line":68,"loc":{"start":{"line":59,"column":4},"end":{"line":74,"column":4}}},"5":{"name":"addLiquidityETH","line":82,"loc":{"start":{"line":75,"column":4},"end":{"line":97,"column":4}}},"6":{"name":"removeLiquidity","line":108,"loc":{"start":{"line":100,"column":4},"end":{"line":116,"column":4}}},"7":{"name":"removeLiquidityETH","line":124,"loc":{"start":{"line":117,"column":4},"end":{"line":137,"column":4}}},"8":{"name":"removeLiquidityWithPermit","line":138,"loc":{"start":{"line":138,"column":4},"end":{"line":152,"column":4}}},"9":{"name":"removeLiquidityETHWithPermit","line":153,"loc":{"start":{"line":153,"column":4},"end":{"line":166,"column":4}}},"10":{"name":"_swap","line":170,"loc":{"start":{"line":170,"column":4},"end":{"line":179,"column":4}}},"11":{"name":"swapExactTokensForTokens","line":186,"loc":{"start":{"line":180,"column":4},"end":{"line":191,"column":4}}},"12":{"name":"swapTokensForExactTokens","line":198,"loc":{"start":{"line":192,"column":4},"end":{"line":203,"column":4}}},"13":{"name":"swapExactETHForTokens","line":208,"loc":{"start":{"line":204,"column":4},"end":{"line":217,"column":4}}},"14":{"name":"swapTokensForExactETH","line":221,"loc":{"start":{"line":218,"column":4},"end":{"line":231,"column":4}}},"15":{"name":"swapExactTokensForETH","line":235,"loc":{"start":{"line":232,"column":4},"end":{"line":245,"column":4}}},"16":{"name":"swapETHForExactTokens","line":250,"loc":{"start":{"line":246,"column":4},"end":{"line":260,"column":4}}},"17":{"name":"quote","line":262,"loc":{"start":{"line":262,"column":4},"end":{"line":264,"column":4}}},"18":{"name":"getAmountOut","line":266,"loc":{"start":{"line":266,"column":4},"end":{"line":268,"column":4}}},"19":{"name":"getAmountIn","line":270,"loc":{"start":{"line":270,"column":4},"end":{"line":272,"column":4}}},"20":{"name":"getAmountsOut","line":274,"loc":{"start":{"line":274,"column":4},"end":{"line":276,"column":4}}},"21":{"name":"getAmountsIn","line":278,"loc":{"start":{"line":278,"column":4},"end":{"line":280,"column":4}}}},"statementMap":{"1":{"start":{"line":17,"column":8},"end":{"line":17,"column":67}},"2":{"start":{"line":22,"column":8},"end":{"line":22,"column":25}},"3":{"start":{"line":23,"column":8},"end":{"line":23,"column":19}},"4":{"start":{"line":40,"column":8},"end":{"line":40,"column":1171}},"5":{"start":{"line":41,"column":12},"end":{"line":41,"column":60}},"6":{"start":{"line":43,"column":8},"end":{"line":43,"column":90}},"7":{"start":{"line":44,"column":8},"end":{"line":44,"column":1412}},"8":{"start":{"line":45,"column":12},"end":{"line":45,"column":64}},"9":{"start":{"line":47,"column":12},"end":{"line":47,"column":88}},"10":{"start":{"line":48,"column":12},"end":{"line":48,"column":1640}},"11":{"start":{"line":49,"column":16},"end":{"line":49,"column":90}},"12":{"start":{"line":50,"column":16},"end":{"line":50,"column":68}},"13":{"start":{"line":52,"column":16},"end":{"line":52,"column":92}},"14":{"start":{"line":53,"column":16},"end":{"line":53,"column":55}},"15":{"start":{"line":54,"column":16},"end":{"line":54,"column":90}},"16":{"start":{"line":55,"column":16},"end":{"line":55,"column":68}},"17":{"start":{"line":69,"column":8},"end":{"line":69,"column":113}},"18":{"start":{"line":70,"column":8},"end":{"line":70,"column":68}},"19":{"start":{"line":71,"column":8},"end":{"line":71,"column":73}},"20":{"start":{"line":72,"column":8},"end":{"line":72,"column":73}},"21":{"start":{"line":73,"column":8},"end":{"line":73,"column":44}},"22":{"start":{"line":83,"column":8},"end":{"line":83,"column":3221}},"23":{"start":{"line":91,"column":8},"end":{"line":91,"column":65}},"24":{"start":{"line":92,"column":8},"end":{"line":92,"column":76}},"25":{"start":{"line":93,"column":8},"end":{"line":93,"column":46}},"26":{"start":{"line":94,"column":8},"end":{"line":94,"column":52}},"27":{"start":{"line":95,"column":8},"end":{"line":95,"column":44}},"28":{"start":{"line":96,"column":8},"end":{"line":96,"column":100}},"29":{"start":{"line":96,"column":35},"end":{"line":96,"column":99}},"30":{"start":{"line":109,"column":8},"end":{"line":109,"column":68}},"31":{"start":{"line":110,"column":8},"end":{"line":110,"column":65}},"32":{"start":{"line":111,"column":8},"end":{"line":111,"column":64}},"33":{"start":{"line":112,"column":8},"end":{"line":112,"column":67}},"34":{"start":{"line":113,"column":8},"end":{"line":113,"column":86}},"35":{"start":{"line":114,"column":8},"end":{"line":114,"column":75}},"36":{"start":{"line":115,"column":8},"end":{"line":115,"column":75}},"37":{"start":{"line":125,"column":8},"end":{"line":125,"column":4978}},"38":{"start":{"line":134,"column":8},"end":{"line":134,"column":58}},"39":{"start":{"line":135,"column":8},"end":{"line":135,"column":38}},"40":{"start":{"line":136,"column":8},"end":{"line":136,"column":52}},"41":{"start":{"line":148,"column":8},"end":{"line":148,"column":68}},"42":{"start":{"line":149,"column":8},"end":{"line":149,"column":57}},"43":{"start":{"line":150,"column":8},"end":{"line":150,"column":83}},"44":{"start":{"line":151,"column":8},"end":{"line":151,"column":108}},"45":{"start":{"line":162,"column":8},"end":{"line":162,"column":65}},"46":{"start":{"line":163,"column":8},"end":{"line":163,"column":57}},"47":{"start":{"line":164,"column":8},"end":{"line":164,"column":83}},"48":{"start":{"line":165,"column":8},"end":{"line":165,"column":114}},"49":{"start":{"line":171,"column":8},"end":{"line":171,"column":6859}},"50":{"start":{"line":172,"column":12},"end":{"line":172,"column":68}},"51":{"start":{"line":173,"column":12},"end":{"line":173,"column":70}},"52":{"start":{"line":174,"column":12},"end":{"line":174,"column":43}},"53":{"start":{"line":175,"column":12},"end":{"line":175,"column":110}},"54":{"start":{"line":176,"column":12},"end":{"line":176,"column":103}},"55":{"start":{"line":177,"column":12},"end":{"line":177,"column":114}},"56":{"start":{"line":187,"column":8},"end":{"line":187,"column":68}},"57":{"start":{"line":188,"column":8},"end":{"line":188,"column":102}},"58":{"start":{"line":189,"column":8},"end":{"line":189,"column":120}},"59":{"start":{"line":190,"column":8},"end":{"line":190,"column":31}},"60":{"start":{"line":199,"column":8},"end":{"line":199,"column":68}},"61":{"start":{"line":200,"column":8},"end":{"line":200,"column":80}},"62":{"start":{"line":201,"column":8},"end":{"line":201,"column":120}},"63":{"start":{"line":202,"column":8},"end":{"line":202,"column":31}},"64":{"start":{"line":211,"column":8},"end":{"line":211,"column":60}},"65":{"start":{"line":212,"column":8},"end":{"line":212,"column":69}},"66":{"start":{"line":213,"column":8},"end":{"line":213,"column":102}},"67":{"start":{"line":214,"column":8},"end":{"line":214,"column":47}},"68":{"start":{"line":215,"column":8},"end":{"line":215,"column":96}},"69":{"start":{"line":216,"column":8},"end":{"line":216,"column":31}},"70":{"start":{"line":224,"column":8},"end":{"line":224,"column":74}},"71":{"start":{"line":225,"column":8},"end":{"line":225,"column":68}},"72":{"start":{"line":226,"column":8},"end":{"line":226,"column":80}},"73":{"start":{"line":227,"column":8},"end":{"line":227,"column":120}},"74":{"start":{"line":228,"column":8},"end":{"line":228,"column":42}},"75":{"start":{"line":229,"column":8},"end":{"line":229,"column":56}},"76":{"start":{"line":230,"column":8},"end":{"line":230,"column":70}},"77":{"start":{"line":238,"column":8},"end":{"line":238,"column":74}},"78":{"start":{"line":239,"column":8},"end":{"line":239,"column":68}},"79":{"start":{"line":240,"column":8},"end":{"line":240,"column":102}},"80":{"start":{"line":241,"column":8},"end":{"line":241,"column":120}},"81":{"start":{"line":242,"column":8},"end":{"line":242,"column":42}},"82":{"start":{"line":243,"column":8},"end":{"line":243,"column":56}},"83":{"start":{"line":244,"column":8},"end":{"line":244,"column":70}},"84":{"start":{"line":253,"column":8},"end":{"line":253,"column":60}},"85":{"start":{"line":254,"column":8},"end":{"line":254,"column":68}},"86":{"start":{"line":255,"column":8},"end":{"line":255,"column":78}},"87":{"start":{"line":256,"column":8},"end":{"line":256,"column":47}},"88":{"start":{"line":257,"column":8},"end":{"line":257,"column":96}},"89":{"start":{"line":258,"column":8},"end":{"line":258,"column":31}},"90":{"start":{"line":259,"column":8},"end":{"line":259,"column":102}},"91":{"start":{"line":259,"column":36},"end":{"line":259,"column":101}},"92":{"start":{"line":263,"column":8},"end":{"line":263,"column":62}},"93":{"start":{"line":267,"column":8},"end":{"line":267,"column":73}},"94":{"start":{"line":271,"column":8},"end":{"line":271,"column":74}},"95":{"start":{"line":275,"column":8},"end":{"line":275,"column":66}},"96":{"start":{"line":279,"column":8},"end":{"line":279,"column":66}}},"branchMap":{"1":{"line":17,"type":"if","locations":[{"start":{"line":17,"column":8},"end":{"line":17,"column":8}},{"start":{"line":17,"column":8},"end":{"line":17,"column":8}}]},"2":{"line":40,"type":"if","locations":[{"start":{"line":40,"column":8},"end":{"line":40,"column":8}},{"start":{"line":40,"column":8},"end":{"line":40,"column":8}}]},"3":{"line":44,"type":"if","locations":[{"start":{"line":44,"column":8},"end":{"line":44,"column":8}},{"start":{"line":44,"column":8},"end":{"line":44,"column":8}}]},"4":{"line":48,"type":"if","locations":[{"start":{"line":48,"column":12},"end":{"line":48,"column":12}},{"start":{"line":48,"column":12},"end":{"line":48,"column":12}}]},"5":{"line":49,"type":"if","locations":[{"start":{"line":49,"column":16},"end":{"line":49,"column":16}},{"start":{"line":49,"column":16},"end":{"line":49,"column":16}}]},"6":{"line":54,"type":"if","locations":[{"start":{"line":54,"column":16},"end":{"line":54,"column":16}},{"start":{"line":54,"column":16},"end":{"line":54,"column":16}}]},"7":{"line":96,"type":"if","locations":[{"start":{"line":96,"column":8},"end":{"line":96,"column":8}},{"start":{"line":96,"column":8},"end":{"line":96,"column":8}}]},"8":{"line":114,"type":"if","locations":[{"start":{"line":114,"column":8},"end":{"line":114,"column":8}},{"start":{"line":114,"column":8},"end":{"line":114,"column":8}}]},"9":{"line":115,"type":"if","locations":[{"start":{"line":115,"column":8},"end":{"line":115,"column":8}},{"start":{"line":115,"column":8},"end":{"line":115,"column":8}}]},"10":{"line":188,"type":"if","locations":[{"start":{"line":188,"column":8},"end":{"line":188,"column":8}},{"start":{"line":188,"column":8},"end":{"line":188,"column":8}}]},"11":{"line":200,"type":"if","locations":[{"start":{"line":200,"column":8},"end":{"line":200,"column":8}},{"start":{"line":200,"column":8},"end":{"line":200,"column":8}}]},"12":{"line":211,"type":"if","locations":[{"start":{"line":211,"column":8},"end":{"line":211,"column":8}},{"start":{"line":211,"column":8},"end":{"line":211,"column":8}}]},"13":{"line":213,"type":"if","locations":[{"start":{"line":213,"column":8},"end":{"line":213,"column":8}},{"start":{"line":213,"column":8},"end":{"line":213,"column":8}}]},"14":{"line":224,"type":"if","locations":[{"start":{"line":224,"column":8},"end":{"line":224,"column":8}},{"start":{"line":224,"column":8},"end":{"line":224,"column":8}}]},"15":{"line":226,"type":"if","locations":[{"start":{"line":226,"column":8},"end":{"line":226,"column":8}},{"start":{"line":226,"column":8},"end":{"line":226,"column":8}}]},"16":{"line":238,"type":"if","locations":[{"start":{"line":238,"column":8},"end":{"line":238,"column":8}},{"start":{"line":238,"column":8},"end":{"line":238,"column":8}}]},"17":{"line":240,"type":"if","locations":[{"start":{"line":240,"column":8},"end":{"line":240,"column":8}},{"start":{"line":240,"column":8},"end":{"line":240,"column":8}}]},"18":{"line":253,"type":"if","locations":[{"start":{"line":253,"column":8},"end":{"line":253,"column":8}},{"start":{"line":253,"column":8},"end":{"line":253,"column":8}}]},"19":{"line":255,"type":"if","locations":[{"start":{"line":255,"column":8},"end":{"line":255,"column":8}},{"start":{"line":255,"column":8},"end":{"line":255,"column":8}}]},"20":{"line":259,"type":"if","locations":[{"start":{"line":259,"column":8},"end":{"line":259,"column":8}},{"start":{"line":259,"column":8},"end":{"line":259,"column":8}}]}}},"contracts/FizzyRouter02.sol":{"l":{"18":0,"19":0,"23":0,"24":0,"28":0,"41":0,"42":0,"44":0,"45":0,"46":0,"48":0,"49":0,"50":0,"51":0,"53":0,"54":0,"55":0,"56":0,"70":0,"71":0,"72":0,"73":0,"74":0,"84":0,"92":0,"93":0,"94":0,"95":0,"96":0,"98":0,"111":0,"112":0,"113":0,"114":0,"115":0,"116":0,"117":0,"127":0,"136":0,"137":0,"138":0,"150":0,"151":0,"152":0,"153":0,"164":0,"165":0,"166":0,"167":0,"179":0,"188":0,"189":0,"190":0,"201":0,"202":0,"203":0,"204":0,"212":0,"213":0,"214":0,"215":0,"216":0,"217":0,"218":0,"230":0,"231":0,"232":0,"235":0,"244":0,"245":0,"246":0,"249":0,"259":0,"260":0,"261":0,"262":0,"263":0,"264":0,"273":0,"274":0,"275":0,"276":0,"279":0,"280":0,"281":0,"290":0,"291":0,"292":0,"293":0,"296":0,"297":0,"298":0,"308":0,"309":0,"310":0,"311":0,"312":0,"313":0,"315":0,"321":0,"322":0,"323":0,"324":0,"325":0,"326":0,"327":0,"328":0,"329":0,"330":0,"331":0,"333":0,"334":0,"335":0,"345":0,"348":0,"349":0,"350":0,"367":0,"368":0,"369":0,"370":0,"371":0,"372":0,"373":0,"390":0,"391":0,"394":0,"395":0,"396":0,"397":0,"398":0,"403":0,"413":0,"423":0,"433":0,"443":0},"path":"/mnt/e/git/startup/fizzymagic/contracts/FizzyRouter02.sol","s":{"1":0,"2":0,"3":0,"4":0,"5":0,"6":0,"7":0,"8":0,"9":0,"10":0,"11":0,"12":0,"13":0,"14":0,"15":0,"16":0,"17":0,"18":0,"19":0,"20":0,"21":0,"22":0,"23":0,"24":0,"25":0,"26":0,"27":0,"28":0,"29":0,"30":0,"31":0,"32":0,"33":0,"34":0,"35":0,"36":0,"37":0,"38":0,"39":0,"40":0,"41":0,"42":0,"43":0,"44":0,"45":0,"46":0,"47":0,"48":0,"49":0,"50":0,"51":0,"52":0,"53":0,"54":0,"55":0,"56":0,"57":0,"58":0,"59":0,"60":0,"61":0,"62":0,"63":0,"64":0,"65":0,"66":0,"67":0,"68":0,"69":0,"70":0,"71":0,"72":0,"73":0,"74":0,"75":0,"76":0,"77":0,"78":0,"79":0,"80":0,"81":0,"82":0,"83":0,"84":0,"85":0,"86":0,"87":0,"88":0,"89":0,"90":0,"91":0,"92":0,"93":0,"94":0,"95":0,"96":0,"97":0,"98":0,"99":0,"100":0,"101":0,"102":0,"103":0,"104":0,"105":0,"106":0,"107":0,"108":0,"109":0,"110":0,"111":0,"112":0,"113":0,"114":0,"115":0,"116":0,"117":0,"118":0,"119":0,"120":0,"121":0,"122":0,"123":0,"124":0,"125":0,"126":0,"127":0,"128":0,"129":0,"130":0,"131":0,"132":0,"133":0,"134":0,"135":0},"b":{"1":[0,0],"2":[0,0],"3":[0,0],"4":[0,0],"5":[0,0],"6":[0,0],"7":[0,0],"8":[0,0],"9":[0,0],"10":[0,0],"11":[0,0],"12":[0,0],"13":[0,0],"14":[0,0],"15":[0,0],"16":[0,0],"17":[0,0],"18":[0,0],"19":[0,0],"20":[0,0],"21":[0,0],"22":[0,0],"23":[0,0],"24":[0,0],"25":[0,0]},"f":{"1":0,"2":0,"3":0,"4":0,"5":0,"6":0,"7":0,"8":0,"9":0,"10":0,"11":0,"12":0,"13":0,"14":0,"15":0,"16":0,"17":0,"18":0,"19":0,"20":0,"21":0,"22":0,"23":0,"24":0,"25":0,"26":0,"27":0},"fnMap":{"1":{"name":"ensure","line":17,"loc":{"start":{"line":17,"column":4},"end":{"line":20,"column":4}}},"2":{"name":"constructor","line":22,"loc":{"start":{"line":22,"column":4},"end":{"line":25,"column":4}}},"3":{"name":"_addLiquidity","line":32,"loc":{"start":{"line":32,"column":4},"end":{"line":59,"column":4}}},"4":{"name":"addLiquidity","line":69,"loc":{"start":{"line":60,"column":4},"end":{"line":75,"column":4}}},"5":{"name":"addLiquidityETH","line":83,"loc":{"start":{"line":76,"column":4},"end":{"line":99,"column":4}}},"6":{"name":"removeLiquidity","line":110,"loc":{"start":{"line":102,"column":4},"end":{"line":118,"column":4}}},"7":{"name":"removeLiquidityETH","line":126,"loc":{"start":{"line":119,"column":4},"end":{"line":139,"column":4}}},"8":{"name":"removeLiquidityWithPermit","line":140,"loc":{"start":{"line":140,"column":4},"end":{"line":154,"column":4}}},"9":{"name":"removeLiquidityETHWithPermit","line":155,"loc":{"start":{"line":155,"column":4},"end":{"line":168,"column":4}}},"10":{"name":"removeLiquidityETHSupportingFeeOnTransferTokens","line":178,"loc":{"start":{"line":171,"column":4},"end":{"line":191,"column":4}}},"11":{"name":"removeLiquidityETHWithPermitSupportingFeeOnTransferTokens","line":192,"loc":{"start":{"line":192,"column":4},"end":{"line":207,"column":4}}},"12":{"name":"_swap","line":211,"loc":{"start":{"line":211,"column":4},"end":{"line":222,"column":4}}},"13":{"name":"swapExactTokensForTokens","line":229,"loc":{"start":{"line":223,"column":4},"end":{"line":236,"column":4}}},"14":{"name":"swapTokensForExactTokens","line":243,"loc":{"start":{"line":237,"column":4},"end":{"line":250,"column":4}}},"15":{"name":"swapExactETHForTokens","line":256,"loc":{"start":{"line":251,"column":4},"end":{"line":265,"column":4}}},"16":{"name":"swapTokensForExactETH","line":270,"loc":{"start":{"line":266,"column":4},"end":{"line":282,"column":4}}},"17":{"name":"swapExactTokensForETH","line":287,"loc":{"start":{"line":283,"column":4},"end":{"line":299,"column":4}}},"18":{"name":"swapETHForExactTokens","line":305,"loc":{"start":{"line":300,"column":4},"end":{"line":316,"column":4}}},"19":{"name":"_swapSupportingFeeOnTransferTokens","line":320,"loc":{"start":{"line":320,"column":4},"end":{"line":337,"column":4}}},"20":{"name":"swapExactTokensForTokensSupportingFeeOnTransferTokens","line":344,"loc":{"start":{"line":338,"column":4},"end":{"line":354,"column":4}}},"21":{"name":"swapExactETHForTokensSupportingFeeOnTransferTokens","line":365,"loc":{"start":{"line":355,"column":4},"end":{"line":377,"column":4}}},"22":{"name":"swapExactTokensForETHSupportingFeeOnTransferTokens","line":388,"loc":{"start":{"line":378,"column":4},"end":{"line":399,"column":4}}},"23":{"name":"quote","line":402,"loc":{"start":{"line":402,"column":4},"end":{"line":404,"column":4}}},"24":{"name":"getAmountOut","line":406,"loc":{"start":{"line":406,"column":4},"end":{"line":414,"column":4}}},"25":{"name":"getAmountIn","line":416,"loc":{"start":{"line":416,"column":4},"end":{"line":424,"column":4}}},"26":{"name":"getAmountsOut","line":426,"loc":{"start":{"line":426,"column":4},"end":{"line":434,"column":4}}},"27":{"name":"getAmountsIn","line":436,"loc":{"start":{"line":436,"column":4},"end":{"line":444,"column":4}}}},"statementMap":{"1":{"start":{"line":18,"column":8},"end":{"line":18,"column":67}},"2":{"start":{"line":23,"column":8},"end":{"line":23,"column":25}},"3":{"start":{"line":24,"column":8},"end":{"line":24,"column":19}},"4":{"start":{"line":41,"column":8},"end":{"line":41,"column":1181}},"5":{"start":{"line":42,"column":12},"end":{"line":42,"column":60}},"6":{"start":{"line":44,"column":8},"end":{"line":44,"column":90}},"7":{"start":{"line":45,"column":8},"end":{"line":45,"column":1422}},"8":{"start":{"line":46,"column":12},"end":{"line":46,"column":64}},"9":{"start":{"line":48,"column":12},"end":{"line":48,"column":88}},"10":{"start":{"line":49,"column":12},"end":{"line":49,"column":1650}},"11":{"start":{"line":50,"column":16},"end":{"line":50,"column":90}},"12":{"start":{"line":51,"column":16},"end":{"line":51,"column":68}},"13":{"start":{"line":53,"column":16},"end":{"line":53,"column":92}},"14":{"start":{"line":54,"column":16},"end":{"line":54,"column":55}},"15":{"start":{"line":55,"column":16},"end":{"line":55,"column":90}},"16":{"start":{"line":56,"column":16},"end":{"line":56,"column":68}},"17":{"start":{"line":70,"column":8},"end":{"line":70,"column":113}},"18":{"start":{"line":71,"column":8},"end":{"line":71,"column":68}},"19":{"start":{"line":72,"column":8},"end":{"line":72,"column":73}},"20":{"start":{"line":73,"column":8},"end":{"line":73,"column":73}},"21":{"start":{"line":74,"column":8},"end":{"line":74,"column":44}},"22":{"start":{"line":84,"column":8},"end":{"line":84,"column":3247}},"23":{"start":{"line":92,"column":8},"end":{"line":92,"column":65}},"24":{"start":{"line":93,"column":8},"end":{"line":93,"column":76}},"25":{"start":{"line":94,"column":8},"end":{"line":94,"column":46}},"26":{"start":{"line":95,"column":8},"end":{"line":95,"column":52}},"27":{"start":{"line":96,"column":8},"end":{"line":96,"column":44}},"28":{"start":{"line":98,"column":8},"end":{"line":98,"column":100}},"29":{"start":{"line":98,"column":35},"end":{"line":98,"column":99}},"30":{"start":{"line":111,"column":8},"end":{"line":111,"column":68}},"31":{"start":{"line":112,"column":8},"end":{"line":112,"column":65}},"32":{"start":{"line":113,"column":8},"end":{"line":113,"column":64}},"33":{"start":{"line":114,"column":8},"end":{"line":114,"column":67}},"34":{"start":{"line":115,"column":8},"end":{"line":115,"column":86}},"35":{"start":{"line":116,"column":8},"end":{"line":116,"column":75}},"36":{"start":{"line":117,"column":8},"end":{"line":117,"column":75}},"37":{"start":{"line":127,"column":8},"end":{"line":127,"column":5028}},"38":{"start":{"line":136,"column":8},"end":{"line":136,"column":58}},"39":{"start":{"line":137,"column":8},"end":{"line":137,"column":38}},"40":{"start":{"line":138,"column":8},"end":{"line":138,"column":52}},"41":{"start":{"line":150,"column":8},"end":{"line":150,"column":68}},"42":{"start":{"line":151,"column":8},"end":{"line":151,"column":57}},"43":{"start":{"line":152,"column":8},"end":{"line":152,"column":83}},"44":{"start":{"line":153,"column":8},"end":{"line":153,"column":108}},"45":{"start":{"line":164,"column":8},"end":{"line":164,"column":65}},"46":{"start":{"line":165,"column":8},"end":{"line":165,"column":57}},"47":{"start":{"line":166,"column":8},"end":{"line":166,"column":83}},"48":{"start":{"line":167,"column":8},"end":{"line":167,"column":114}},"49":{"start":{"line":179,"column":8},"end":{"line":179,"column":7087}},"50":{"start":{"line":188,"column":8},"end":{"line":188,"column":85}},"51":{"start":{"line":189,"column":8},"end":{"line":189,"column":38}},"52":{"start":{"line":190,"column":8},"end":{"line":190,"column":52}},"53":{"start":{"line":201,"column":8},"end":{"line":201,"column":65}},"54":{"start":{"line":202,"column":8},"end":{"line":202,"column":57}},"55":{"start":{"line":203,"column":8},"end":{"line":203,"column":83}},"56":{"start":{"line":204,"column":8},"end":{"line":204,"column":8035}},"57":{"start":{"line":212,"column":8},"end":{"line":212,"column":8393}},"58":{"start":{"line":213,"column":12},"end":{"line":213,"column":68}},"59":{"start":{"line":214,"column":12},"end":{"line":214,"column":70}},"60":{"start":{"line":215,"column":12},"end":{"line":215,"column":43}},"61":{"start":{"line":216,"column":12},"end":{"line":216,"column":110}},"62":{"start":{"line":217,"column":12},"end":{"line":217,"column":103}},"63":{"start":{"line":218,"column":12},"end":{"line":218,"column":8854}},"64":{"start":{"line":230,"column":8},"end":{"line":230,"column":68}},"65":{"start":{"line":231,"column":8},"end":{"line":231,"column":102}},"66":{"start":{"line":232,"column":8},"end":{"line":232,"column":9432}},"67":{"start":{"line":235,"column":8},"end":{"line":235,"column":31}},"68":{"start":{"line":244,"column":8},"end":{"line":244,"column":68}},"69":{"start":{"line":245,"column":8},"end":{"line":245,"column":80}},"70":{"start":{"line":246,"column":8},"end":{"line":246,"column":10018}},"71":{"start":{"line":249,"column":8},"end":{"line":249,"column":31}},"72":{"start":{"line":259,"column":8},"end":{"line":259,"column":60}},"73":{"start":{"line":260,"column":8},"end":{"line":260,"column":69}},"74":{"start":{"line":261,"column":8},"end":{"line":261,"column":102}},"75":{"start":{"line":262,"column":8},"end":{"line":262,"column":47}},"76":{"start":{"line":263,"column":8},"end":{"line":263,"column":96}},"77":{"start":{"line":264,"column":8},"end":{"line":264,"column":31}},"78":{"start":{"line":273,"column":8},"end":{"line":273,"column":74}},"79":{"start":{"line":274,"column":8},"end":{"line":274,"column":68}},"80":{"start":{"line":275,"column":8},"end":{"line":275,"column":80}},"81":{"start":{"line":276,"column":8},"end":{"line":276,"column":11348}},"82":{"start":{"line":279,"column":8},"end":{"line":279,"column":42}},"83":{"start":{"line":280,"column":8},"end":{"line":280,"column":56}},"84":{"start":{"line":281,"column":8},"end":{"line":281,"column":70}},"85":{"start":{"line":290,"column":8},"end":{"line":290,"column":74}},"86":{"start":{"line":291,"column":8},"end":{"line":291,"column":68}},"87":{"start":{"line":292,"column":8},"end":{"line":292,"column":102}},"88":{"start":{"line":293,"column":8},"end":{"line":293,"column":12171}},"89":{"start":{"line":296,"column":8},"end":{"line":296,"column":42}},"90":{"start":{"line":297,"column":8},"end":{"line":297,"column":56}},"91":{"start":{"line":298,"column":8},"end":{"line":298,"column":70}},"92":{"start":{"line":308,"column":8},"end":{"line":308,"column":60}},"93":{"start":{"line":309,"column":8},"end":{"line":309,"column":68}},"94":{"start":{"line":310,"column":8},"end":{"line":310,"column":78}},"95":{"start":{"line":311,"column":8},"end":{"line":311,"column":47}},"96":{"start":{"line":312,"column":8},"end":{"line":312,"column":96}},"97":{"start":{"line":313,"column":8},"end":{"line":313,"column":31}},"98":{"start":{"line":315,"column":8},"end":{"line":315,"column":102}},"99":{"start":{"line":315,"column":36},"end":{"line":315,"column":101}},"100":{"start":{"line":321,"column":8},"end":{"line":321,"column":13523}},"101":{"start":{"line":322,"column":12},"end":{"line":322,"column":68}},"102":{"start":{"line":323,"column":12},"end":{"line":323,"column":70}},"103":{"start":{"line":324,"column":12},"end":{"line":324,"column":86}},"104":{"start":{"line":325,"column":12},"end":{"line":325,"column":28}},"105":{"start":{"line":326,"column":12},"end":{"line":326,"column":29}},"106":{"start":{"line":328,"column":12},"end":{"line":328,"column":64}},"107":{"start":{"line":329,"column":12},"end":{"line":329,"column":115}},"108":{"start":{"line":330,"column":12},"end":{"line":330,"column":78}},"109":{"start":{"line":331,"column":12},"end":{"line":331,"column":93}},"110":{"start":{"line":333,"column":12},"end":{"line":333,"column":116}},"111":{"start":{"line":334,"column":12},"end":{"line":334,"column":103}},"112":{"start":{"line":335,"column":12},"end":{"line":335,"column":62}},"113":{"start":{"line":345,"column":8},"end":{"line":345,"column":14839}},"114":{"start":{"line":348,"column":8},"end":{"line":348,"column":72}},"115":{"start":{"line":349,"column":8},"end":{"line":349,"column":51}},"116":{"start":{"line":350,"column":8},"end":{"line":350,"column":15110}},"117":{"start":{"line":367,"column":8},"end":{"line":367,"column":60}},"118":{"start":{"line":368,"column":8},"end":{"line":368,"column":33}},"119":{"start":{"line":369,"column":8},"end":{"line":369,"column":45}},"120":{"start":{"line":370,"column":8},"end":{"line":370,"column":94}},"121":{"start":{"line":371,"column":8},"end":{"line":371,"column":72}},"122":{"start":{"line":372,"column":8},"end":{"line":372,"column":51}},"123":{"start":{"line":373,"column":8},"end":{"line":373,"column":15928}},"124":{"start":{"line":390,"column":8},"end":{"line":390,"column":74}},"125":{"start":{"line":391,"column":8},"end":{"line":391,"column":16459}},"126":{"start":{"line":394,"column":8},"end":{"line":394,"column":62}},"127":{"start":{"line":395,"column":8},"end":{"line":395,"column":62}},"128":{"start":{"line":396,"column":8},"end":{"line":396,"column":84}},"129":{"start":{"line":397,"column":8},"end":{"line":397,"column":38}},"130":{"start":{"line":398,"column":8},"end":{"line":398,"column":52}},"131":{"start":{"line":403,"column":8},"end":{"line":403,"column":62}},"132":{"start":{"line":413,"column":8},"end":{"line":413,"column":73}},"133":{"start":{"line":423,"column":8},"end":{"line":423,"column":73}},"134":{"start":{"line":433,"column":8},"end":{"line":433,"column":66}},"135":{"start":{"line":443,"column":8},"end":{"line":443,"column":66}}},"branchMap":{"1":{"line":18,"type":"if","locations":[{"start":{"line":18,"column":8},"end":{"line":18,"column":8}},{"start":{"line":18,"column":8},"end":{"line":18,"column":8}}]},"2":{"line":41,"type":"if","locations":[{"start":{"line":41,"column":8},"end":{"line":41,"column":8}},{"start":{"line":41,"column":8},"end":{"line":41,"column":8}}]},"3":{"line":45,"type":"if","locations":[{"start":{"line":45,"column":8},"end":{"line":45,"column":8}},{"start":{"line":45,"column":8},"end":{"line":45,"column":8}}]},"4":{"line":49,"type":"if","locations":[{"start":{"line":49,"column":12},"end":{"line":49,"column":12}},{"start":{"line":49,"column":12},"end":{"line":49,"column":12}}]},"5":{"line":50,"type":"if","locations":[{"start":{"line":50,"column":16},"end":{"line":50,"column":16}},{"start":{"line":50,"column":16},"end":{"line":50,"column":16}}]},"6":{"line":55,"type":"if","locations":[{"start":{"line":55,"column":16},"end":{"line":55,"column":16}},{"start":{"line":55,"column":16},"end":{"line":55,"column":16}}]},"7":{"line":98,"type":"if","locations":[{"start":{"line":98,"column":8},"end":{"line":98,"column":8}},{"start":{"line":98,"column":8},"end":{"line":98,"column":8}}]},"8":{"line":116,"type":"if","locations":[{"start":{"line":116,"column":8},"end":{"line":116,"column":8}},{"start":{"line":116,"column":8},"end":{"line":116,"column":8}}]},"9":{"line":117,"type":"if","locations":[{"start":{"line":117,"column":8},"end":{"line":117,"column":8}},{"start":{"line":117,"column":8},"end":{"line":117,"column":8}}]},"10":{"line":231,"type":"if","locations":[{"start":{"line":231,"column":8},"end":{"line":231,"column":8}},{"start":{"line":231,"column":8},"end":{"line":231,"column":8}}]},"11":{"line":245,"type":"if","locations":[{"start":{"line":245,"column":8},"end":{"line":245,"column":8}},{"start":{"line":245,"column":8},"end":{"line":245,"column":8}}]},"12":{"line":259,"type":"if","locations":[{"start":{"line":259,"column":8},"end":{"line":259,"column":8}},{"start":{"line":259,"column":8},"end":{"line":259,"column":8}}]},"13":{"line":261,"type":"if","locations":[{"start":{"line":261,"column":8},"end":{"line":261,"column":8}},{"start":{"line":261,"column":8},"end":{"line":261,"column":8}}]},"14":{"line":273,"type":"if","locations":[{"start":{"line":273,"column":8},"end":{"line":273,"column":8}},{"start":{"line":273,"column":8},"end":{"line":273,"column":8}}]},"15":{"line":275,"type":"if","locations":[{"start":{"line":275,"column":8},"end":{"line":275,"column":8}},{"start":{"line":275,"column":8},"end":{"line":275,"column":8}}]},"16":{"line":290,"type":"if","locations":[{"start":{"line":290,"column":8},"end":{"line":290,"column":8}},{"start":{"line":290,"column":8},"end":{"line":290,"column":8}}]},"17":{"line":292,"type":"if","locations":[{"start":{"line":292,"column":8},"end":{"line":292,"column":8}},{"start":{"line":292,"column":8},"end":{"line":292,"column":8}}]},"18":{"line":308,"type":"if","locations":[{"start":{"line":308,"column":8},"end":{"line":308,"column":8}},{"start":{"line":308,"column":8},"end":{"line":308,"column":8}}]},"19":{"line":310,"type":"if","locations":[{"start":{"line":310,"column":8},"end":{"line":310,"column":8}},{"start":{"line":310,"column":8},"end":{"line":310,"column":8}}]},"20":{"line":315,"type":"if","locations":[{"start":{"line":315,"column":8},"end":{"line":315,"column":8}},{"start":{"line":315,"column":8},"end":{"line":315,"column":8}}]},"21":{"line":350,"type":"if","locations":[{"start":{"line":350,"column":8},"end":{"line":350,"column":8}},{"start":{"line":350,"column":8},"end":{"line":350,"column":8}}]},"22":{"line":367,"type":"if","locations":[{"start":{"line":367,"column":8},"end":{"line":367,"column":8}},{"start":{"line":367,"column":8},"end":{"line":367,"column":8}}]},"23":{"line":373,"type":"if","locations":[{"start":{"line":373,"column":8},"end":{"line":373,"column":8}},{"start":{"line":373,"column":8},"end":{"line":373,"column":8}}]},"24":{"line":390,"type":"if","locations":[{"start":{"line":390,"column":8},"end":{"line":390,"column":8}},{"start":{"line":390,"column":8},"end":{"line":390,"column":8}}]},"25":{"line":396,"type":"if","locations":[{"start":{"line":396,"column":8},"end":{"line":396,"column":8}},{"start":{"line":396,"column":8},"end":{"line":396,"column":8}}]}}},"contracts/FizzyTradeToken.sol":{"l":{"12":0,"13":0,"17":0,"26":0,"41":0,"42":0,"43":0,"46":0},"path":"/mnt/e/git/startup/fizzymagic/contracts/FizzyTradeToken.sol","s":{"1":0,"2":0,"3":0,"4":0,"5":0,"6":0,"7":0},"b":{"1":[0,0]},"f":{"1":0,"2":0,"3":0,"4":0},"fnMap":{"1":{"name":"constructor","line":11,"loc":{"start":{"line":11,"column":4},"end":{"line":14,"column":4}}},"2":{"name":"mint","line":16,"loc":{"start":{"line":16,"column":4},"end":{"line":18,"column":4}}},"3":{"name":"burn","line":25,"loc":{"start":{"line":25,"column":4},"end":{"line":27,"column":4}}},"4":{"name":"burnFrom","line":40,"loc":{"start":{"line":40,"column":4},"end":{"line":47,"column":4}}}},"statementMap":{"1":{"start":{"line":12,"column":8},"end":{"line":12,"column":51}},"2":{"start":{"line":13,"column":8},"end":{"line":13,"column":42}},"3":{"start":{"line":17,"column":8},"end":{"line":17,"column":24}},"4":{"start":{"line":26,"column":8},"end":{"line":26,"column":34}},"5":{"start":{"line":41,"column":8},"end":{"line":41,"column":67}},"6":{"start":{"line":42,"column":8},"end":{"line":42,"column":82}},"7":{"start":{"line":46,"column":8},"end":{"line":46,"column":29}}},"branchMap":{"1":{"line":42,"type":"if","locations":[{"start":{"line":42,"column":8},"end":{"line":42,"column":8}},{"start":{"line":42,"column":8},"end":{"line":42,"column":8}}]}}},"contracts/interfaces/IFizzyCallee.sol":{"l":{},"path":"/mnt/e/git/startup/fizzymagic/contracts/interfaces/IFizzyCallee.sol","s":{},"b":{},"f":{},"fnMap":{},"statementMap":{},"branchMap":{}},"contracts/interfaces/IFizzyFactory.sol":{"l":{},"path":"/mnt/e/git/startup/fizzymagic/contracts/interfaces/IFizzyFactory.sol","s":{},"b":{},"f":{},"fnMap":{},"statementMap":{},"branchMap":{}},"contracts/interfaces/IFizzyMigrator.sol":{"l":{},"path":"/mnt/e/git/startup/fizzymagic/contracts/interfaces/IFizzyMigrator.sol","s":{},"b":{},"f":{},"fnMap":{},"statementMap":{},"branchMap":{}},"contracts/interfaces/IFizzyPair.sol":{"l":{},"path":"/mnt/e/git/startup/fizzymagic/contracts/interfaces/IFizzyPair.sol","s":{},"b":{},"f":{},"fnMap":{},"statementMap":{},"branchMap":{}},"contracts/interfaces/IFizzyRouter01.sol":{"l":{},"path":"/mnt/e/git/startup/fizzymagic/contracts/interfaces/IFizzyRouter01.sol","s":{},"b":{},"f":{},"fnMap":{},"statementMap":{},"branchMap":{}},"contracts/interfaces/IFizzyRouter02.sol":{"l":{},"path":"/mnt/e/git/startup/fizzymagic/contracts/interfaces/IFizzyRouter02.sol","s":{},"b":{},"f":{},"fnMap":{},"statementMap":{},"branchMap":{}},"contracts/interfaces/IWETH.sol":{"l":{},"path":"/mnt/e/git/startup/fizzymagic/contracts/interfaces/IWETH.sol","s":{},"b":{},"f":{},"fnMap":{},"statementMap":{},"branchMap":{}},"contracts/interfaces/Old/IOldFizzyExchange.sol":{"l":{},"path":"/mnt/e/git/startup/fizzymagic/contracts/interfaces/Old/IOldFizzyExchange.sol","s":{},"b":{},"f":{},"fnMap":{},"statementMap":{},"branchMap":{}},"contracts/interfaces/Old/IOldFizzyFactory.sol":{"l":{},"path":"/mnt/e/git/startup/fizzymagic/contracts/interfaces/Old/IOldFizzyFactory.sol","s":{},"b":{},"f":{},"fnMap":{},"statementMap":{},"branchMap":{}},"contracts/standards/ERC165.sol":{"l":{"27":0},"path":"/mnt/e/git/startup/fizzymagic/contracts/standards/ERC165.sol","s":{"1":0},"b":{},"f":{"1":0},"fnMap":{"1":{"name":"supportsInterface","line":26,"loc":{"start":{"line":26,"column":4},"end":{"line":28,"column":4}}}},"statementMap":{"1":{"start":{"line":27,"column":8},"end":{"line":27,"column":55}}},"branchMap":{}},"contracts/standards/ERC20.sol":{"l":{"21":0,"22":0,"23":0,"27":0,"31":0,"35":0,"39":0,"43":0,"47":0,"51":0,"52":0,"56":0,"57":0,"65":0,"67":0,"68":0,"69":0,"73":0,"77":0,"78":0,"82":0,"83":0,"84":0,"88":0,"100":0,"101":0,"103":0,"105":0,"106":0,"107":0,"110":0,"112":0,"114":0,"118":0,"120":0,"122":0,"123":0,"124":0,"126":0,"130":0,"132":0,"134":0,"135":0,"136":0,"139":0,"141":0,"143":0,"151":0,"152":0,"154":0,"155":0},"path":"/mnt/e/git/startup/fizzymagic/contracts/standards/ERC20.sol","s":{"1":0,"2":0,"3":0,"4":0,"5":0,"6":0,"7":0,"8":0,"9":0,"10":0,"11":0,"12":0,"13":0,"14":0,"15":0,"16":0,"17":0,"18":0,"19":0,"20":0,"21":0,"22":0,"23":0,"24":0,"25":0,"26":0,"27":0,"28":0,"29":0,"30":0,"31":0,"32":0,"33":0,"34":0,"35":0,"36":0,"37":0,"38":0,"39":0,"40":0,"41":0,"42":0,"43":0,"44":0,"45":0,"46":0,"47":0},"b":{"1":[0,0],"2":[0,0],"3":[0,0],"4":[0,0],"5":[0,0],"6":[0,0],"7":[0,0],"8":[0,0],"9":[0,0],"10":[0,0]},"f":{"1":0,"2":0,"3":0,"4":0,"5":0,"6":0,"7":0,"8":0,"9":0,"10":0,"11":0,"12":0,"13":0,"14":0,"15":0,"16":0,"17":0,"18":0},"fnMap":{"1":{"name":"constructor","line":20,"loc":{"start":{"line":20,"column":4},"end":{"line":24,"column":4}}},"2":{"name":"name","line":26,"loc":{"start":{"line":26,"column":4},"end":{"line":28,"column":4}}},"3":{"name":"symbol","line":30,"loc":{"start":{"line":30,"column":4},"end":{"line":32,"column":4}}},"4":{"name":"decimals","line":34,"loc":{"start":{"line":34,"column":4},"end":{"line":36,"column":4}}},"5":{"name":"totalSupply","line":38,"loc":{"start":{"line":38,"column":4},"end":{"line":40,"column":4}}},"6":{"name":"balanceOf","line":42,"loc":{"start":{"line":42,"column":4},"end":{"line":44,"column":4}}},"7":{"name":"allowance","line":46,"loc":{"start":{"line":46,"column":4},"end":{"line":48,"column":4}}},"8":{"name":"transfer","line":50,"loc":{"start":{"line":50,"column":4},"end":{"line":53,"column":4}}},"9":{"name":"approve","line":55,"loc":{"start":{"line":55,"column":4},"end":{"line":58,"column":4}}},"10":{"name":"transferFrom","line":60,"loc":{"start":{"line":60,"column":4},"end":{"line":74,"column":4}}},"11":{"name":"increaseAllowance","line":76,"loc":{"start":{"line":76,"column":4},"end":{"line":79,"column":4}}},"12":{"name":"decreaseAllowance","line":81,"loc":{"start":{"line":81,"column":4},"end":{"line":89,"column":4}}},"13":{"name":"_transfer","line":95,"loc":{"start":{"line":95,"column":4},"end":{"line":115,"column":4}}},"14":{"name":"_mint","line":117,"loc":{"start":{"line":117,"column":4},"end":{"line":127,"column":4}}},"15":{"name":"_burn","line":129,"loc":{"start":{"line":129,"column":4},"end":{"line":144,"column":4}}},"16":{"name":"_approve","line":146,"loc":{"start":{"line":146,"column":4},"end":{"line":156,"column":4}}},"17":{"name":"_beforeTokenTransfer","line":158,"loc":{"start":{"line":158,"column":4},"end":{"line":162,"column":24}}},"18":{"name":"_afterTokenTransfer","line":164,"loc":{"start":{"line":164,"column":4},"end":{"line":168,"column":24}}}},"statementMap":{"1":{"start":{"line":21,"column":8},"end":{"line":21,"column":20}},"2":{"start":{"line":22,"column":8},"end":{"line":22,"column":24}},"3":{"start":{"line":23,"column":8},"end":{"line":23,"column":21}},"4":{"start":{"line":27,"column":8},"end":{"line":27,"column":20}},"5":{"start":{"line":31,"column":8},"end":{"line":31,"column":22}},"6":{"start":{"line":35,"column":8},"end":{"line":35,"column":24}},"7":{"start":{"line":39,"column":8},"end":{"line":39,"column":27}},"8":{"start":{"line":43,"column":8},"end":{"line":43,"column":33}},"9":{"start":{"line":47,"column":8},"end":{"line":47,"column":42}},"10":{"start":{"line":51,"column":8},"end":{"line":51,"column":49}},"11":{"start":{"line":52,"column":8},"end":{"line":52,"column":19}},"12":{"start":{"line":56,"column":8},"end":{"line":56,"column":46}},"13":{"start":{"line":57,"column":8},"end":{"line":57,"column":19}},"14":{"start":{"line":65,"column":8},"end":{"line":65,"column":43}},"15":{"start":{"line":67,"column":8},"end":{"line":67,"column":68}},"16":{"start":{"line":68,"column":8},"end":{"line":68,"column":86}},"17":{"start":{"line":73,"column":8},"end":{"line":73,"column":19}},"18":{"start":{"line":77,"column":8},"end":{"line":77,"column":87}},"19":{"start":{"line":78,"column":8},"end":{"line":78,"column":19}},"20":{"start":{"line":82,"column":8},"end":{"line":82,"column":69}},"21":{"start":{"line":83,"column":8},"end":{"line":83,"column":92}},"22":{"start":{"line":88,"column":8},"end":{"line":88,"colum
[...]
,"8":{"start":{"line":23,"column":8},"end":{"line":23,"column":22}},"9":{"start":{"line":24,"column":8},"end":{"line":24,"column":47}},"10":{"start":{"line":25,"column":8},"end":{"line":25,"column":21}},"11":{"start":{"line":26,"column":8},"end":{"line":26,"column":21}},"12":{"start":{"line":27,"column":8},"end":{"line":27,"column":21}},"13":{"start":{"line":28,"column":8},"end":{"line":28,"column":21}},"14":{"start":{"line":29,"column":8},"end":{"line":29,"column":21}},"15":{"start":{"line":30,"column":8},"end":{"line":30,"column":21}},"16":{"start":{"line":31,"column":8},"end":{"line":31,"column":21}},"17":{"start":{"line":32,"column":8},"end":{"line":32,"column":21}},"18":{"start":{"line":33,"column":8},"end":{"line":33,"column":21}},"19":{"start":{"line":34,"column":8},"end":{"line":34,"column":20}},"20":{"start":{"line":42,"column":8},"end":{"line":42,"column":46}},"21":{"start":{"line":44,"column":8},"end":{"line":44,"column":36}},"22":{"start":{"line":45,"column":8},"end":{"line":45,"column":26}},"23":{"start":{"line":45,"column":20},"end":{"line":45,"column":25}},"24":{"start":{"line":46,"column":8},"end":{"line":46,"column":14}},"25":{"start":{"line":48,"column":8},"end":{"line":48,"column":32}},"26":{"start":{"line":48,"column":20},"end":{"line":48,"column":32}},"27":{"start":{"line":50,"column":8},"end":{"line":50,"column":51}},"28":{"start":{"line":51,"column":8},"end":{"line":51,"column":31}}},"branchMap":{"1":{"line":13,"type":"if","locations":[{"start":{"line":13,"column":8},"end":{"line":13,"column":8}},{"start":{"line":13,"column":8},"end":{"line":13,"column":8}}]},"2":{"line":45,"type":"if","locations":[{"start":{"line":45,"column":8},"end":{"line":45,"column":8}},{"start":{"line":45,"column":8},"end":{"line":45,"column":8}}]},"3":{"line":48,"type":"if","locations":[{"start":{"line":48,"column":8},"end":{"line":48,"column":8}},{"start":{"line":48,"column":8},"end":{"line":48,"column":8}}]},"4":{"line":50,"type":"if","locations":[{"start":{"line":50,"column":8},"end":{"line":50,"column":8}},{"start":{"line":50,"column":8},"end":{"line":50,"column":8}}]}}},"contracts/utils/Math.sol":{"l":{"10":0,"11":0,"12":0,"13":0,"14":0,"15":0,"18":0,"23":0,"27":0,"32":0,"37":0},"path":"/mnt/e/git/startup/fizzymagic/contracts/utils/Math.sol","s":{"1":0,"2":0,"3":0,"4":0,"5":0,"6":0,"7":0,"8":0,"9":0,"10":0,"11":0,"12":0},"b":{"1":[0,0],"2":[0,0]},"f":{"1":0,"2":0,"3":0,"4":0,"5":0},"fnMap":{"1":{"name":"sqrt","line":9,"loc":{"start":{"line":9,"column":4},"end":{"line":20,"column":4}}},"2":{"name":"max","line":22,"loc":{"start":{"line":22,"column":4},"end":{"line":24,"column":4}}},"3":{"name":"min","line":26,"loc":{"start":{"line":26,"column":4},"end":{"line":28,"column":4}}},"4":{"name":"average","line":30,"loc":{"start":{"line":30,"column":4},"end":{"line":33,"column":4}}},"5":{"name":"ceilDiv","line":35,"loc":{"start":{"line":35,"column":4},"end":{"line":38,"column":4}}}},"statementMap":{"1":{"start":{"line":10,"column":8},"end":{"line":10,"column":312}},"2":{"start":{"line":11,"column":12},"end":{"line":11,"column":16}},"3":{"start":{"line":12,"column":12},"end":{"line":12,"column":30}},"4":{"start":{"line":13,"column":12},"end":{"line":13,"column":392}},"5":{"start":{"line":14,"column":16},"end":{"line":14,"column":20}},"6":{"start":{"line":15,"column":16},"end":{"line":15,"column":34}},"7":{"start":{"line":17,"column":15},"end":{"line":17,"column":493}},"8":{"start":{"line":18,"column":12},"end":{"line":18,"column":16}},"9":{"start":{"line":23,"column":8},"end":{"line":23,"column":29}},"10":{"start":{"line":27,"column":8},"end":{"line":27,"column":28}},"11":{"start":{"line":32,"column":8},"end":{"line":32,"column":36}},"12":{"start":{"line":37,"column":8},"end":{"line":37,"column":43}}},"branchMap":{"1":{"line":10,"type":"if","locations":[{"start":{"line":10,"column":8},"end":{"line":10,"column":8}},{"start":{"line":10,"column":8},"end":{"line":10,"column":8}}]},"2":{"line":17,"type":"if","locations":[{"start":{"line":17,"column":15},"end":{"line":17,"column":15}},{"start":{"line":17,"column":15},"end":{"line":17,"column":15}}]}}},"contracts/utils/Multicall.sol":{"l":{"18":0,"19":0,"20":0,"22":0},"path":"/mnt/e/git/startup/fizzymagic/contracts/utils/Multicall.sol","s":{"1":0,"2":0,"3":0,"4":0},"b":{},"f":{"1":0},"fnMap":{"1":{"name":"multicall","line":17,"loc":{"start":{"line":17,"column":4},"end":{"line":23,"column":4}}}},"statementMap":{"1":{"start":{"line":18,"column":8},"end":{"line":18,"column":41}},"2":{"start":{"line":19,"column":8},"end":{"line":19,"column":540}},"3":{"start":{"line":20,"column":12},"end":{"line":20,"column":76}},"4":{"start":{"line":22,"column":8},"end":{"line":22,"column":22}}},"branchMap":{}},"contracts/utils/SafeCast.sol":{"l":{"33":0,"34":0,"48":0,"49":0,"63":0,"64":0,"78":0,"79":0,"93":0,"94":0,"108":0,"109":0,"123":0,"124":0,"135":0,"136":0,"153":0,"154":0,"171":0,"172":0,"189":0,"190":0,"207":0,"208":0,"225":0,"226":0,"238":0,"239":0},"path":"/mnt/e/git/startup/fizzymagic/contracts/utils/SafeCast.sol","s":{"1":0,"2":0,"3":0,"4":0,"5":0,"6":0,"7":0,"8":0,"9":0,"10":0,"11":0,"12":0,"13":0,"14":0,"15":0,"16":0,"17":0,"18":0,"19":0,"20":0,"21":0,"22":0,"23":0,"24":0,"25":0,"26":0,"27":0,"28":0},"b":{"1":[0,0],"2":[0,0],"3":[0,0],"4":[0,0],"5":[0,0],"6":[0,0],"7":[0,0],"8":[0,0],"9":[0,0],"10":[0,0],"11":[0,0],"12":[0,0],"13":[0,0],"14":[0,0]},"f":{"1":0,"2":0,"3":0,"4":0,"5":0,"6":0,"7":0,"8":0,"9":0,"10":0,"11":0,"12":0,"13":0,"14":0},"fnMap":{"1":{"name":"toUint224","line":32,"loc":{"start":{"line":32,"column":4},"end":{"line":35,"column":4}}},"2":{"name":"toUint128","line":47,"loc":{"start":{"line":47,"column":4},"end":{"line":50,"column":4}}},"3":{"name":"toUint96","line":62,"loc":{"start":{"line":62,"column":4},"end":{"line":65,"column":4}}},"4":{"name":"toUint64","line":77,"loc":{"start":{"line":77,"column":4},"end":{"line":80,"column":4}}},"5":{"name":"toUint32","line":92,"loc":{"start":{"line":92,"column":4},"end":{"line":95,"column":4}}},"6":{"name":"toUint16","line":107,"loc":{"start":{"line":107,"column":4},"end":{"line":110,"column":4}}},"7":{"name":"toUint8","line":122,"loc":{"start":{"line":122,"column":4},"end":{"line":125,"column":4}}},"8":{"name":"toUint256","line":134,"loc":{"start":{"line":134,"column":4},"end":{"line":137,"column":4}}},"9":{"name":"toInt128","line":152,"loc":{"start":{"line":152,"column":4},"end":{"line":155,"column":4}}},"10":{"name":"toInt64","line":170,"loc":{"start":{"line":170,"column":4},"end":{"line":173,"column":4}}},"11":{"name":"toInt32","line":188,"loc":{"start":{"line":188,"column":4},"end":{"line":191,"column":4}}},"12":{"name":"toInt16","line":206,"loc":{"start":{"line":206,"column":4},"end":{"line":209,"column":4}}},"13":{"name":"toInt8","line":224,"loc":{"start":{"line":224,"column":4},"end":{"line":227,"column":4}}},"14":{"name":"toInt256","line":236,"loc":{"start":{"line":236,"column":4},"end":{"line":240,"column":4}}}},"statementMap":{"1":{"start":{"line":33,"column":8},"end":{"line":33,"column":85}},"2":{"start":{"line":34,"column":8},"end":{"line":34,"column":29}},"3":{"start":{"line":48,"column":8},"end":{"line":48,"column":85}},"4":{"start":{"line":49,"column":8},"end":{"line":49,"column":29}},"5":{"start":{"line":63,"column":8},"end":{"line":63,"column":83}},"6":{"start":{"line":64,"column":8},"end":{"line":64,"column":28}},"7":{"start":{"line":78,"column":8},"end":{"line":78,"column":83}},"8":{"start":{"line":79,"column":8},"end":{"line":79,"column":28}},"9":{"start":{"line":93,"column":8},"end":{"line":93,"column":83}},"10":{"start":{"line":94,"column":8},"end":{"line":94,"column":28}},"11":{"start":{"line":108,"column":8},"end":{"line":108,"column":83}},"12":{"start":{"line":109,"column":8},"end":{"line":109,"column":28}},"13":{"start":{"line":123,"column":8},"end":{"line":123,"column":81}},"14":{"start":{"line":124,"column":8},"end":{"line":124,"column":27}},"15":{"start":{"line":135,"column":8},"end":{"line":135,"column":62}},"16":{"start":{"line":136,"column":8},"end":{"line":136,"column":29}},"17":{"start":{"line":153,"column":8},"end":{"line":153,"column":113}},"18":{"start":{"line":154,"column":8},"end":{"line":154,"column":28}},"19":{"start":{"line":171,"column":8},"end":{"line":171,"column":110}},"20":{"start":{"line":172,"column":8},"end":{"line":172,"column":27}},"21":{"start":{"line":189,"column":8},"end":{"line":189,"column":110}},"22":{"start":{"line":190,"column":8},"end":{"line":190,"column":27}},"23":{"start":{"line":207,"column":8},"end":{"line":207,"column":110}},"24":{"start":{"line":208,"column":8},"end":{"line":208,"column":27}},"25":{"start":{"line":225,"column":8},"end":{"line":225,"column":107}},"26":{"start":{"line":226,"column":8},"end":{"line":226,"column":26}},"27":{"start":{"line":238,"column":8},"end":{"line":238,"column":94}},"28":{"start":{"line":239,"column":8},"end":{"line":239,"column":28}}},"branchMap":{"1":{"line":33,"type":"if","locations":[{"start":{"line":33,"column":8},"end":{"line":33,"column":8}},{"start":{"line":33,"column":8},"end":{"line":33,"column":8}}]},"2":{"line":48,"type":"if","locations":[{"start":{"line":48,"column":8},"end":{"line":48,"column":8}},{"start":{"line":48,"column":8},"end":{"line":48,"column":8}}]},"3":{"line":63,"type":"if","locations":[{"start":{"line":63,"column":8},"end":{"line":63,"column":8}},{"start":{"line":63,"column":8},"end":{"line":63,"column":8}}]},"4":{"line":78,"type":"if","locations":[{"start":{"line":78,"column":8},"end":{"line":78,"column":8}},{"start":{"line":78,"column":8},"end":{"line":78,"column":8}}]},"5":{"line":93,"type":"if","locations":[{"start":{"line":93,"column":8},"end":{"line":93,"column":8}},{"start":{"line":93,"column":8},"end":{"line":93,"column":8}}]},"6":{"line":108,"type":"if","locations":[{"start":{"line":108,"column":8},"end":{"line":108,"column":8}},{"start":{"line":108,"column":8},"end":{"line":108,"column":8}}]},"7":{"line":123,"type":"if","locations":[{"start":{"line":123,"column":8},"end":{"line":123,"column":8}},{"start":{"line":123,"column":8},"end":{"line":123,"column":8}}]},"8":{"line":135,"type":"if","locations":[{"start":{"line":135,"column":8},"end":{"line":135,"column":8}},{"start":{"line":135,"column":8},"end":{"line":135,"column":8}}]},"9":{"line":153,"type":"if","locations":[{"start":{"line":153,"column":8},"end":{"line":153,"column":8}},{"start":{"line":153,"column":8},"end":{"line":153,"column":8}}]},"10":{"line":171,"type":"if","locations":[{"start":{"line":171,"column":8},"end":{"line":171,"column":8}},{"start":{"line":171,"column":8},"end":{"line":171,"column":8}}]},"11":{"line":189,"type":"if","locations":[{"start":{"line":189,"column":8},"end":{"line":189,"column":8}},{"start":{"line":189,"column":8},"end":{"line":189,"column":8}}]},"12":{"line":207,"type":"if","locations":[{"start":{"line":207,"column":8},"end":{"line":207,"column":8}},{"start":{"line":207,"column":8},"end":{"line":207,"column":8}}]},"13":{"line":225,"type":"if","locations":[{"start":{"line":225,"column":8},"end":{"line":225,"column":8}},{"start":{"line":225,"column":8},"end":{"line":225,"column":8}}]},"14":{"line":238,"type":"if","locations":[{"start":{"line":238,"column":8},"end":{"line":238,"column":8}},{"start":{"line":238,"column":8},"end":{"line":238,"column":8}}]}}},"contracts/utils/StorageSlot.sol":{"l":{"53":0,"62":0,"71":0,"80":0},"path":"/mnt/e/git/startup/fizzymagic/contracts/utils/StorageSlot.sol","s":{},"b":{},"f":{"1":0,"2":0,"3":0,"4":0},"fnMap":{"1":{"name":"getAddressSlot","line":52,"loc":{"start":{"line":52,"column":4},"end":{"line":56,"column":4}}},"2":{"name":"getBooleanSlot","line":61,"loc":{"start":{"line":61,"column":4},"end":{"line":65,"column":4}}},"3":{"name":"getBytes32Slot","line":70,"loc":{"start":{"line":70,"column":4},"end":{"line":74,"column":4}}},"4":{"name":"getUint256Slot","line":79,"loc":{"start":{"line":79,"column":4},"end":{"line":83,"column":4}}}},"statementMap":{},"branchMap":{}},"contracts/utils/Strings.sol":{"l":{"19":0,"20":0,"22":0,"23":0,"24":0,"25":0,"26":0,"28":0,"29":0,"30":0,"31":0,"32":0,"34":0,"41":0,"42":0,"44":0,"45":0,"46":0,"47":0,"48":0,"50":0,"57":0,"58":0,"59":0,"60":0,"61":0,"62":0,"64":0,"65":0},"path":"/mnt/e/git/startup/fizzymagic/contracts/utils/Strings.sol","s":{"1":0,"2":0,"3":0,"4":0,"5":0,"6":0,"7":0,"8":0,"9":0,"10":0,"11":0,"12":0,"13":0,"14":0,"15":0,"16":0,"17":0,"18":0,"19":0,"20":0,"21":0,"22":0,"23":0,"24":0,"25":0,"26":0,"27":0},"b":{"1":[0,0],"2":[0,0],"3":[0,0]},"f":{"1":0,"2":0,"3":0},"fnMap":{"1":{"name":"toString","line":15,"loc":{"start":{"line":15,"column":4},"end":{"line":35,"column":4}}},"2":{"name":"toHexString","line":40,"loc":{"start":{"line":40,"column":4},"end":{"line":51,"column":4}}},"3":{"name":"toHexString","line":56,"loc":{"start":{"line":56,"column":4},"end":{"line":66,"column":4}}}},"statementMap":{"1":{"start":{"line":19,"column":8},"end":{"line":19,"column":607}},"2":{"start":{"line":20,"column":12},"end":{"line":20,"column":22}},"3":{"start":{"line":22,"column":8},"end":{"line":22,"column":28}},"4":{"start":{"line":23,"column":8},"end":{"line":23,"column":22}},"5":{"start":{"line":24,"column":8},"end":{"line":24,"column":721}},"6":{"start":{"line":26,"column":12},"end":{"line":26,"column":21}},"7":{"start":{"line":28,"column":8},"end":{"line":28,"column":47}},"8":{"start":{"line":29,"column":8},"end":{"line":29,"column":854}},"9":{"start":{"line":30,"column":12},"end":{"line":30,"column":22}},"10":{"start":{"line":31,"column":12},"end":{"line":31,"column":67}},"11":{"start":{"line":32,"column":12},"end":{"line":32,"column":22}},"12":{"start":{"line":34,"column":8},"end":{"line":34,"column":29}},"13":{"start":{"line":41,"column":8},"end":{"line":41,"column":1230}},"14":{"start":{"line":42,"column":12},"end":{"line":42,"column":25}},"15":{"start":{"line":44,"column":8},"end":{"line":44,"column":28}},"16":{"start":{"line":45,"column":8},"end":{"line":45,"column":26}},"17":{"start":{"line":46,"column":8},"end":{"line":46,"column":1351}},"18":{"start":{"line":48,"column":12},"end":{"line":48,"column":21}},"19":{"start":{"line":50,"column":8},"end":{"line":50,"column":41}},"20":{"start":{"line":57,"column":8},"end":{"line":57,"column":55}},"21":{"start":{"line":58,"column":8},"end":{"line":58,"column":22}},"22":{"start":{"line":59,"column":8},"end":{"line":59,"column":22}},"23":{"start":{"line":60,"column":8},"end":{"line":60,"column":1805}},"24":{"start":{"line":61,"column":12},"end":{"line":61,"column":48}},"25":{"start":{"line":62,"column":12},"end":{"line":62,"column":22}},"26":{"start":{"line":64,"column":8},"end":{"line":64,"column":62}},"27":{"start":{"line":65,"column":8},"end":{"line":65,"column":29}}},"branchMap":{"1":{"line":19,"type":"if","locations":[{"start":{"line":19,"column":8},"end":{"line":19,"column":8}},{"start":{"line":19,"column":8},"end":{"line":19,"column":8}}]},"2":{"line":41,"type":"if","locations":[{"start":{"line":41,"column":8},"end":{"line":41,"column":8}},{"start":{"line":41,"column":8},"end":{"line":41,"column":8}}]},"3":{"line":64,"type":"if","locations":[{"start":{"line":64,"column":8},"end":{"line":64,"column":8}},{"start":{"line":64,"column":8},"end":{"line":64,"column":8}}]}}},"contracts/utils/Timers.sol":{"l":{"15":0,"19":0,"23":0,"27":0,"31":0,"35":0,"39":0,"47":0,"51":0,"55":0,"59":0,"63":0,"67":0,"71":0},"path":"/mnt/e/git/startup/fizzymagic/contracts/utils/Timers.sol","s":{"1":0,"2":0,"3":0,"4":0,"5":0,"6":0,"7":0,"8":0,"9":0,"10":0,"11":0,"12":0,"13":0,"14":0},"b":{},"f":{"1":0,"2":0,"3":0,"4":0,"5":0,"6":0,"7":0,"8":0,"9":0,"10":0,"11":0,"12":0,"13":0,"14":0},"fnMap":{"1":{"name":"getDeadline","line":14,"loc":{"start":{"line":14,"column":4},"end":{"line":16,"column":4}}},"2":{"name":"setDeadline","line":18,"loc":{"start":{"line":18,"column":4},"end":{"line":20,"column":4}}},"3":{"name":"reset","line":22,"loc":{"start":{"line":22,"column":4},"end":{"line":24,"column":4}}},"4":{"name":"isUnset","line":26,"loc":{"start":{"line":26,"column":4},"end":{"line":28,"column":4}}},"5":{"name":"isStarted","line":30,"loc":{"start":{"line":30,"column":4},"end":{"line":32,"column":4}}},"6":{"name":"isPending","line":34,"loc":{"start":{"line":34,"column":4},"end":{"line":36,"column":4}}},"7":{"name":"isExpired","line":38,"loc":{"start":{"line":38,"column":4},"end":{"line":40,"column":4}}},"8":{"name":"getDeadline","line":46,"loc":{"start":{"line":46,"column":4},"end":{"line":48,"column":4}}},"9":{"name":"setDeadline","line":50,"loc":{"start":{"line":50,"column":4},"end":{"line":52,"column":4}}},"10":{"name":"reset","line":54,"loc":{"start":{"line":54,"column":4},"end":{"line":56,"column":4}}},"11":{"name":"isUnset","line":58,"loc":{"start":{"line":58,"column":4},"end":{"line":60,"column":4}}},"12":{"name":"isStarted","line":62,"loc":{"start":{"line":62,"column":4},"end":{"line":64,"column":4}}},"13":{"name":"isPending","line":66,"loc":{"start":{"line":66,"column":4},"end":{"line":68,"column":4}}},"14":{"name":"isExpired","line":70,"loc":{"start":{"line":70,"column":4},"end":{"line":72,"column":4}}}},"statementMap":{"1":{"start":{"line":15,"column":8},"end":{"line":15,"column":30}},"2":{"start":{"line":19,"column":8},"end":{"line":19,"column":34}},"3":{"start":{"line":23,"column":8},"end":{"line":23,"column":26}},"4":{"start":{"line":27,"column":8},"end":{"line":27,"column":35}},"5":{"start":{"line":31,"column":8},"end":{"line":31,"column":34}},"6":{"start":{"line":35,"column":8},"end":{"line":35,"column":48}},"7":{"start":{"line":39,"column":8},"end":{"line":39,"column":69}},"8":{"start":{"line":47,"column":8},"end":{"line":47,"column":30}},"9":{"start":{"line":51,"column":8},"end":{"line":51,"column":34}},"10":{"start":{"line":55,"column":8},"end":{"line":55,"column":26}},"11":{"start":{"line":59,"column":8},"end":{"line":59,"column":35}},"12":{"start":{"line":63,"column":8},"end":{"line":63,"column":34}},"13":{"start":{"line":67,"column":8},"end":{"line":67,"column":45}},"14":{"start":{"line":71,"column":8},"end":{"line":71,"column":66}}},"branchMap":{}},"contracts/utils/TransferHelper.sol":{"l":{"13":0,"14":0,"26":0,"27":0,"40":0,"41":0,"48":0,"49":0},"path":"/mnt/e/git/startup/fizzymagic/contracts/utils/TransferHelper.sol","s":{"1":0,"2":0,"3":0,"4":0,"5":0,"6":0,"7":0,"8":0},"b":{"1":[0,0],"2":[0,0],"3":[0,0],"4":[0,0]},"f":{"1":0,"2":0,"3":0,"4":0},"fnMap":{"1":{"name":"safeApprove","line":7,"loc":{"start":{"line":7,"column":4},"end":{"line":18,"column":4}}},"2":{"name":"safeTransfer","line":20,"loc":{"start":{"line":20,"column":4},"end":{"line":31,"column":4}}},"3":{"name":"safeTransferFrom","line":33,"loc":{"start":{"line":33,"column":4},"end":{"line":45,"column":4}}},"4":{"name":"safeTransferETH","line":47,"loc":{"start":{"line":47,"column":4},"end":{"line":50,"column":4}}}},"statementMap":{"1":{"start":{"line":13,"column":8},"end":{"line":13,"column":101}},"2":{"start":{"line":14,"column":8},"end":{"line":14,"column":501}},"3":{"start":{"line":26,"column":8},"end":{"line":26,"column":101}},"4":{"start":{"line":27,"column":8},"end":{"line":27,"column":943}},"5":{"start":{"line":40,"column":8},"end":{"line":40,"column":107}},"6":{"start":{"line":41,"column":8},"end":{"line":41,"column":1431}},"7":{"start":{"line":48,"column":8},"end":{"line":48,"column":62}},"8":{"start":{"line":49,"column":8},"end":{"line":49,"column":79}}},"branchMap":{"1":{"line":14,"type":"if","locations":[{"start":{"line":14,"column":8},"end":{"line":14,"column":8}},{"start":{"line":14,"column":8},"end":{"line":14,"column":8}}]},"2":{"line":27,"type":"if","locations":[{"start":{"line":27,"column":8},"end":{"line":27,"column":8}},{"start":{"line":27,"column":8},"end":{"line":27,"column":8}}]},"3":{"line":41,"type":"if","locations":[{"start":{"line":41,"column":8},"end":{"line":41,"column":8}},{"start":{"line":41,"column":8},"end":{"line":41,"column":8}}]},"4":{"line":49,"type":"if","locations":[{"start":{"line":49,"column":8},"end":{"line":49,"column":8}},{"start":{"line":49,"column":8},"end":{"line":49,"column":8}}]}}}}