{"contracts/FizzyAssetToken.sol":{"l":{"22":3,"23":3,"36":2,"37":1,"50":1,"51":0,"64":0,"65":0,"73":2},"path":"/mnt/e/git/startup/fizzymagic/contracts/FizzyAssetToken.sol","s":{"1":3,"2":3,"3":2,"4":1,"5":1,"6":0,"7":0,"8":0,"9":2},"b":{"1":[1,1],"2":[0,1],"3":[0,0]},"f":{"1":3,"2":2,"3":1,"4":0,"5":2},"fnMap":{"1":{"name":"constructor","line":21,"loc":{"start":{"line":21,"column":4},"end":{"line":24,"column":4}}},"2":{"name":"mint","line":35,"loc":{"start":{"line":35,"column":4},"end":{"line":38,"column":4}}},"3":{"name":"pause","line":49,"loc":{"start":{"line":49,"column":4},"end":{"line":52,"column":4}}},"4":{"name":"unpause","line":63,"loc":{"start":{"line":63,"column":4},"end":{"line":66,"column":4}}},"5":{"name":"_beforeTokenTransfer","line":68,"loc":{"start":{"line":68,"column":4},"end":{"line":74,"column":4}}}},"statementMap":{"1":{"start":{"line":22,"column":8},"end":{"line":22,"column":51}},"2":{"start":{"line":23,"column":8},"end":{"line":23,"column":41}},"3":{"start":{"line":36,"column":8},"end":{"line":36,"column":94}},"4":{"start":{"line":37,"column":8},"end":{"line":37,"column":24}},"5":{"start":{"line":50,"column":8},"end":{"line":50,"column":95}},"6":{"start":{"line":51,"column":8},"end":{"line":51,"column":15}},"7":{"start":{"line":64,"column":8},"end":{"line":64,"column":95}},"8":{"start":{"line":65,"column":8},"end":{"line":65,"column":17}},"9":{"start":{"line":73,"column":8},"end":{"line":73,"column":51}}},"branchMap":{"1":{"line":36,"type":"if","locations":[{"start":{"line":36,"column":8},"end":{"line":36,"column":8}},{"start":{"line":36,"column":8},"end":{"line":36,"column":8}}]},"2":{"line":50,"type":"if","locations":[{"start":{"line":50,"column":8},"end":{"line":50,"column":8}},{"start":{"line":50,"column":8},"end":{"line":50,"column":8}}]},"3":{"line":64,"type":"if","locations":[{"start":{"line":64,"column":8},"end":{"line":64,"column":8}},{"start":{"line":64,"column":8},"end":{"line":64,"column":8}}]}}},"contracts/FizzyMagicToken.sol":{"l":{"17":0},"path":"/mnt/e/git/startup/fizzymagic/contracts/FizzyMagicToken.sol","s":{"1":0},"b":{},"f":{"1":0},"fnMap":{"1":{"name":"mint","line":16,"loc":{"start":{"line":16,"column":4},"end":{"line":18,"column":4}}}},"statementMap":{"1":{"start":{"line":17,"column":8},"end":{"line":17,"column":23}}},"branchMap":{}}}